2025-10-14 11:49:58.809 [main] DEBUG lecturaFicheros.GestionaFicheros - holiii
2025-10-14 11:51:28.119 [main] INFO  lecturaFicheros.GestionaFicheros - holiii
2025-10-14 11:52:47.354 [main] INFO  lecturaFicheros.GestionaFicheros - holiii
2025-10-14 11:52:47.357 [main] INFO  lecturaFicheros.GestionaFicheros - 
2025-10-14 11:53:34.480 [main] INFO  lecturaFicheros.GestionaFicheros - holiii,
2025-10-14 11:53:34.483 [main] INFO  lecturaFicheros.GestionaFicheros -  esto es una prueba
2025-10-14 11:53:34.483 [main] INFO  lecturaFicheros.GestionaFicheros - estoy
2025-10-14 11:53:34.484 [main] INFO  lecturaFicheros.GestionaFicheros -  leyendo, un fichero
2025-10-14 11:54:23.852 [main] INFO  lecturaFicheros.GestionaFicheros - holiii
2025-10-14 11:54:23.855 [main] INFO  lecturaFicheros.GestionaFicheros - , esto es una prueba
2025-10-14 11:54:23.855 [main] INFO  lecturaFicheros.GestionaFicheros - estoy leyendo
2025-10-14 11:54:23.855 [main] INFO  lecturaFicheros.GestionaFicheros - , un fichero
2025-10-14 12:00:09.037 [main] INFO  lecturaFicheros.GestionaFicheros - holiii
2025-10-14 12:00:09.040 [main] INFO  lecturaFicheros.GestionaFicheros - , esto es una prueba
2025-10-14 12:00:09.040 [main] INFO  lecturaFicheros.GestionaFicheros - estoy leyendo
2025-10-14 12:00:09.040 [main] INFO  lecturaFicheros.GestionaFicheros - , un fichero
2025-10-14 12:00:55.223 [main] INFO  lecturaFicheros.GestionaFicheros - Pepe
2025-10-14 12:00:55.226 [main] INFO  lecturaFicheros.GestionaFicheros - ,8,7,6
2025-10-14 12:00:55.226 [main] INFO  lecturaFicheros.GestionaFicheros - Maria
2025-10-14 12:00:55.226 [main] INFO  lecturaFicheros.GestionaFicheros - ,9,7,3
