2025-10-08 08:09:09.276 [main] DEBUG Boletin1.PorbandoLog - .android
2025-10-08 08:09:09.278 [main] DEBUG Boletin1.PorbandoLog - .bash_history
2025-10-08 08:09:09.278 [main] DEBUG Boletin1.PorbandoLog - .config
2025-10-08 08:09:09.278 [main] DEBUG Boletin1.PorbandoLog - .eclipse
2025-10-08 08:09:09.279 [main] DEBUG Boletin1.PorbandoLog - .emulator_console_auth_token
2025-10-08 08:09:09.279 [main] DEBUG Boletin1.PorbandoLog - .gitconfig
2025-10-08 08:09:09.279 [main] DEBUG Boletin1.PorbandoLog - .gradle
2025-10-08 08:09:09.279 [main] DEBUG Boletin1.PorbandoLog - .lemminx
2025-10-08 08:09:09.279 [main] DEBUG Boletin1.PorbandoLog - .lesshst
2025-10-08 08:09:09.279 [main] DEBUG Boletin1.PorbandoLog - .m2
2025-10-08 08:09:09.279 [main] DEBUG Boletin1.PorbandoLog - .quokka
2025-10-08 08:09:09.279 [main] DEBUG Boletin1.PorbandoLog - .skiko
2025-10-08 08:09:09.279 [main] DEBUG Boletin1.PorbandoLog - .sts4
2025-10-08 08:09:09.279 [main] DEBUG Boletin1.PorbandoLog - .viminfo
2025-10-08 08:09:09.279 [main] DEBUG Boletin1.PorbandoLog - .VirtualBox
2025-10-08 08:09:09.280 [main] DEBUG Boletin1.PorbandoLog - .vscode
2025-10-08 08:09:09.280 [main] DEBUG Boletin1.PorbandoLog - .wallaby
2025-10-08 08:09:09.280 [main] DEBUG Boletin1.PorbandoLog - AndroidStudioProjects
2025-10-08 08:09:09.280 [main] DEBUG Boletin1.PorbandoLog - AppData
2025-10-08 08:09:09.280 [main] DEBUG Boletin1.PorbandoLog - Configuración local
2025-10-08 08:09:09.280 [main] DEBUG Boletin1.PorbandoLog - Contacts
2025-10-08 08:09:09.280 [main] DEBUG Boletin1.PorbandoLog - Cookies
2025-10-08 08:09:09.280 [main] DEBUG Boletin1.PorbandoLog - Datos de programa
2025-10-08 08:09:09.280 [main] DEBUG Boletin1.PorbandoLog - Desktop
2025-10-08 08:09:09.280 [main] DEBUG Boletin1.PorbandoLog - Documents
2025-10-08 08:09:09.280 [main] DEBUG Boletin1.PorbandoLog - Downloads
2025-10-08 08:09:09.280 [main] DEBUG Boletin1.PorbandoLog - Entorno de red
2025-10-08 08:09:09.281 [main] DEBUG Boletin1.PorbandoLog - Favorites
2025-10-08 08:09:09.281 [main] DEBUG Boletin1.PorbandoLog - fichero.txt
2025-10-08 08:09:09.281 [main] DEBUG Boletin1.PorbandoLog - git
2025-10-08 08:09:09.281 [main] DEBUG Boletin1.PorbandoLog - Impresoras
2025-10-08 08:09:09.281 [main] DEBUG Boletin1.PorbandoLog - Links
2025-10-08 08:09:09.281 [main] DEBUG Boletin1.PorbandoLog - Menú Inicio
2025-10-08 08:09:09.281 [main] DEBUG Boletin1.PorbandoLog - Mis documentos
2025-10-08 08:09:09.281 [main] DEBUG Boletin1.PorbandoLog - Music
2025-10-08 08:09:09.281 [main] DEBUG Boletin1.PorbandoLog - NTUSER.DAT
2025-10-08 08:09:09.281 [main] DEBUG Boletin1.PorbandoLog - ntuser.dat.LOG1
2025-10-08 08:09:09.281 [main] DEBUG Boletin1.PorbandoLog - ntuser.dat.LOG2
2025-10-08 08:09:09.281 [main] DEBUG Boletin1.PorbandoLog - NTUSER.DAT{58823ad8-87f0-11f0-be0a-5e628bd7abba}.TM.blf
2025-10-08 08:09:09.282 [main] DEBUG Boletin1.PorbandoLog - NTUSER.DAT{58823ad8-87f0-11f0-be0a-5e628bd7abba}.TMContainer00000000000000000001.regtrans-ms
2025-10-08 08:09:09.282 [main] DEBUG Boletin1.PorbandoLog - NTUSER.DAT{58823ad8-87f0-11f0-be0a-5e628bd7abba}.TMContainer00000000000000000002.regtrans-ms
2025-10-08 08:09:09.282 [main] DEBUG Boletin1.PorbandoLog - ntuser.ini
2025-10-08 08:09:09.282 [main] DEBUG Boletin1.PorbandoLog - OneDrive
2025-10-08 08:09:09.282 [main] DEBUG Boletin1.PorbandoLog - Pictures
2025-10-08 08:09:09.282 [main] DEBUG Boletin1.PorbandoLog - Plantillas
2025-10-08 08:09:09.282 [main] DEBUG Boletin1.PorbandoLog - Reciente
2025-10-08 08:09:09.282 [main] DEBUG Boletin1.PorbandoLog - Saved Games
2025-10-08 08:09:09.282 [main] DEBUG Boletin1.PorbandoLog - Searches
2025-10-08 08:09:09.282 [main] DEBUG Boletin1.PorbandoLog - SendTo
2025-10-08 08:09:09.282 [main] DEBUG Boletin1.PorbandoLog - Videos
2025-10-08 08:09:09.283 [main] DEBUG Boletin1.PorbandoLog - archivos totales: 50
2025-10-08 10:04:05.054 [main] INFO  tema1Ficheros.Ejercicio1 - Es un directorio.
2025-10-08 10:04:05.056 [main] INFO  tema1Ficheros.Ejercicio1 - Total de elementos: 7
2025-10-08 10:04:05.056 [main] INFO  tema1Ficheros.Ejercicio1 - - All Users (Directorio)
2025-10-08 10:04:05.057 [main] INFO  tema1Ficheros.Ejercicio1 - - alumno (Directorio)
2025-10-08 10:04:05.057 [main] INFO  tema1Ficheros.Ejercicio1 - - Default (Directorio)
2025-10-08 10:04:05.057 [main] INFO  tema1Ficheros.Ejercicio1 - - Default User (Directorio)
2025-10-08 10:04:05.057 [main] INFO  tema1Ficheros.Ejercicio1 - - desktop.ini (Fichero)
2025-10-08 10:04:05.058 [main] INFO  tema1Ficheros.Ejercicio1 - - loxol (Directorio)
2025-10-08 10:04:05.058 [main] INFO  tema1Ficheros.Ejercicio1 - - Public (Directorio)
2025-10-08 10:11:16.825 [main] DEBUG tema1Ficheros.Ejercicio3 - fichero1.txt creado.
2025-10-08 10:11:16.827 [main] DEBUG tema1Ficheros.Ejercicio3 - fichero2.txt creado.
2025-10-08 10:11:16.827 [main] DEBUG tema1Ficheros.Ejercicio3 - fichero2.txt es ahora solo lectura.
2025-10-08 10:11:16.827 [main] DEBUG tema1Ficheros.Ejercicio3 - Nombre: fichero1.txt
2025-10-08 10:11:16.828 [main] DEBUG tema1Ficheros.Ejercicio3 -    - Se puede leer: true
2025-10-08 10:11:16.828 [main] DEBUG tema1Ficheros.Ejercicio3 -    - Se puede escribir: true
2025-10-08 10:11:16.828 [main] DEBUG tema1Ficheros.Ejercicio3 -    - Ruta absoluta: C:\Users\alumno\Documents\workspace-spring-tools-for-eclipse-4.31.0.RELEASE\AccesoADatosValido\miDirectorio\fichero1.txt
2025-10-08 10:11:16.828 [main] DEBUG tema1Ficheros.Ejercicio3 - Nombre: fichero2.txt
2025-10-08 10:11:16.828 [main] DEBUG tema1Ficheros.Ejercicio3 -    - Se puede leer: true
2025-10-08 10:11:16.828 [main] DEBUG tema1Ficheros.Ejercicio3 -    - Se puede escribir: false
2025-10-08 10:11:16.828 [main] DEBUG tema1Ficheros.Ejercicio3 -    - Ruta absoluta: C:\Users\alumno\Documents\workspace-spring-tools-for-eclipse-4.31.0.RELEASE\AccesoADatosValido\miDirectorio\fichero2.txt
2025-10-08 10:11:16.829 [main] DEBUG tema1Ficheros.Ejercicio3 - No se pudo renombrar.
2025-10-08 10:11:16.829 [main] DEBUG tema1Ficheros.Ejercicio3 - 🗑️ fichero2.txt eliminado.
2025-10-08 11:45:06.534 [main] DEBUG tema1Ficheros.Ejercicio3 - fichero1.txt ya existe.
2025-10-08 11:45:06.536 [main] DEBUG tema1Ficheros.Ejercicio3 - fichero2.txt creado.
2025-10-08 11:45:06.536 [main] DEBUG tema1Ficheros.Ejercicio3 - fichero2.txt es ahora solo lectura.
2025-10-08 11:45:06.536 [main] DEBUG tema1Ficheros.Ejercicio3 - Nombre: fichero1.txt
2025-10-08 11:45:06.536 [main] DEBUG tema1Ficheros.Ejercicio3 -    Se puede leer: true
2025-10-08 11:45:06.537 [main] DEBUG tema1Ficheros.Ejercicio3 -    Se puede escribir: true
2025-10-08 11:45:06.537 [main] DEBUG tema1Ficheros.Ejercicio3 -    Ruta absoluta: C:\Users\alumno\Documents\workspace-spring-tools-for-eclipse-4.31.0.RELEASE\AccesoADatosValido\miDirectorio\fichero1.txt
2025-10-08 11:45:06.537 [main] DEBUG tema1Ficheros.Ejercicio3 - Nombre: fichero2.txt
2025-10-08 11:45:06.537 [main] DEBUG tema1Ficheros.Ejercicio3 -    Se puede leer: true
2025-10-08 11:45:06.537 [main] DEBUG tema1Ficheros.Ejercicio3 -    Se puede escribir: false
2025-10-08 11:45:06.537 [main] DEBUG tema1Ficheros.Ejercicio3 -    Ruta absoluta: C:\Users\alumno\Documents\workspace-spring-tools-for-eclipse-4.31.0.RELEASE\AccesoADatosValido\miDirectorio\fichero2.txt
2025-10-08 11:45:06.538 [main] DEBUG tema1Ficheros.Ejercicio3 - No se pudo renombrar.
2025-10-08 11:45:06.539 [main] DEBUG tema1Ficheros.Ejercicio3 - fichero2.txt eliminado.
2025-10-08 11:52:26.737 [main] DEBUG tema1Ficheros.Ejercicio3 - fichero1.txt ya existe.
2025-10-08 11:52:26.739 [main] DEBUG tema1Ficheros.Ejercicio3 - fichero2.txt creado.
2025-10-08 11:52:26.739 [main] DEBUG tema1Ficheros.Ejercicio3 - fichero2.txt es ahora solo lectura.
2025-10-08 11:52:26.740 [main] DEBUG tema1Ficheros.Ejercicio3 - Nombre: fichero1.txt
2025-10-08 11:52:26.740 [main] DEBUG tema1Ficheros.Ejercicio3 -  Se puede leer: true
2025-10-08 11:52:26.740 [main] DEBUG tema1Ficheros.Ejercicio3 -  Se puede escribir: true
2025-10-08 11:52:26.740 [main] DEBUG tema1Ficheros.Ejercicio3 -  Ruta absoluta: C:\Users\alumno\Documents\workspace-spring-tools-for-eclipse-4.31.0.RELEASE\AccesoADatosValido\miDirectorio\fichero1.txt
2025-10-08 11:52:26.740 [main] DEBUG tema1Ficheros.Ejercicio3 - Nombre: fichero2.txt
2025-10-08 11:52:26.740 [main] DEBUG tema1Ficheros.Ejercicio3 -  Se puede leer: true
2025-10-08 11:52:26.740 [main] DEBUG tema1Ficheros.Ejercicio3 -  Se puede escribir: false
2025-10-08 11:52:26.741 [main] DEBUG tema1Ficheros.Ejercicio3 -  Ruta absoluta: C:\Users\alumno\Documents\workspace-spring-tools-for-eclipse-4.31.0.RELEASE\AccesoADatosValido\miDirectorio\fichero2.txt
2025-10-08 11:52:26.741 [main] DEBUG tema1Ficheros.Ejercicio3 - No se pudo renombrar.
2025-10-08 11:52:26.742 [main] DEBUG tema1Ficheros.Ejercicio3 - fichero2.txt eliminado.
2025-10-08 11:58:48.916 [main] DEBUG tema1Ficheros.Ejercicio3 - fichero1.txt ya existe.
2025-10-08 11:58:48.919 [main] DEBUG tema1Ficheros.Ejercicio3 - fichero2.txt creado.
2025-10-08 11:58:48.919 [main] DEBUG tema1Ficheros.Ejercicio3 - fichero2.txt es ahora solo lectura.
2025-10-08 11:58:48.919 [main] DEBUG tema1Ficheros.Ejercicio3 - Nombre: fichero1.txt
2025-10-08 11:58:48.919 [main] DEBUG tema1Ficheros.Ejercicio3 -  Se puede leer: true
2025-10-08 11:58:48.920 [main] DEBUG tema1Ficheros.Ejercicio3 -  Se puede escribir: true
2025-10-08 11:58:48.920 [main] DEBUG tema1Ficheros.Ejercicio3 -  Ruta absoluta: C:\Users\alumno\Documents\workspace-spring-tools-for-eclipse-4.31.0.RELEASE\AccesoADatosValido\miDirectorio\fichero1.txt
2025-10-08 11:58:48.920 [main] DEBUG tema1Ficheros.Ejercicio3 - Nombre: fichero2.txt
2025-10-08 11:58:48.920 [main] DEBUG tema1Ficheros.Ejercicio3 -  Se puede leer: true
2025-10-08 11:58:48.920 [main] DEBUG tema1Ficheros.Ejercicio3 -  Se puede escribir: false
2025-10-08 11:58:48.920 [main] DEBUG tema1Ficheros.Ejercicio3 -  Ruta absoluta: C:\Users\alumno\Documents\workspace-spring-tools-for-eclipse-4.31.0.RELEASE\AccesoADatosValido\miDirectorio\fichero2.txt
2025-10-08 11:58:48.921 [main] DEBUG tema1Ficheros.Ejercicio3 - No se pudo renombrar.
2025-10-08 11:58:48.921 [main] DEBUG tema1Ficheros.Ejercicio3 - fichero2.txt eliminado.
2025-10-08 11:59:54.386 [main] DEBUG tema1Ficheros.Ejercicio3 - fichero1.txt ya existe.
2025-10-08 11:59:54.389 [main] DEBUG tema1Ficheros.Ejercicio3 - fichero2.txt creado.
2025-10-08 11:59:54.389 [main] DEBUG tema1Ficheros.Ejercicio3 - fichero2.txt es ahora solo lectura.
2025-10-08 11:59:54.389 [main] DEBUG tema1Ficheros.Ejercicio3 - Nombre: fichero1.txt
2025-10-08 11:59:54.389 [main] DEBUG tema1Ficheros.Ejercicio3 -  Se puede leer: true
2025-10-08 11:59:54.389 [main] DEBUG tema1Ficheros.Ejercicio3 -  Se puede escribir: true
2025-10-08 11:59:54.389 [main] DEBUG tema1Ficheros.Ejercicio3 -  Ruta absoluta: C:\Users\alumno\Documents\workspace-spring-tools-for-eclipse-4.31.0.RELEASE\AccesoADatosValido\miDirectorio\fichero1.txt
2025-10-08 11:59:54.389 [main] DEBUG tema1Ficheros.Ejercicio3 - Nombre: fichero2.txt
2025-10-08 11:59:54.390 [main] DEBUG tema1Ficheros.Ejercicio3 -  Se puede leer: true
2025-10-08 11:59:54.390 [main] DEBUG tema1Ficheros.Ejercicio3 -  Se puede escribir: false
2025-10-08 11:59:54.390 [main] DEBUG tema1Ficheros.Ejercicio3 -  Ruta absoluta: C:\Users\alumno\Documents\workspace-spring-tools-for-eclipse-4.31.0.RELEASE\AccesoADatosValido\miDirectorio\fichero2.txt
2025-10-08 11:59:54.390 [main] DEBUG tema1Ficheros.Ejercicio3 - No se pudo renombrar.
2025-10-08 11:59:54.390 [main] DEBUG tema1Ficheros.Ejercicio3 - fichero2.txt eliminado.
