2025-10-07 10:54:47.044 [main] DEBUG Boletin1.PorbandoLog - hello world
2025-10-07 11:42:26.584 [main] DEBUG Boletin1.PorbandoLog - hello world
2025-10-07 11:45:53.454 [main] DEBUG Boletin1.PorbandoLog - hello world
2025-10-07 11:45:53.457 [main] DEBUG Boletin1.PorbandoLog - [Ljava.lang.String;@72e5a8e
2025-10-07 11:46:16.373 [main] DEBUG Boletin1.PorbandoLog - hello world
2025-10-07 11:46:16.375 [main] DEBUG Boletin1.PorbandoLog - [Ljava.lang.String;@13fd2ccd
2025-10-07 11:48:23.922 [main] DEBUG Boletin1.PorbandoLog - hello world
2025-10-07 11:48:23.924 [main] DEBUG Boletin1.PorbandoLog - [Ljava.lang.String;@b9b00e0
2025-10-07 11:50:46.516 [main] DEBUG Boletin1.PorbandoLog - hello world
2025-10-07 11:50:46.519 [main] DEBUG Boletin1.PorbandoLog - .android
2025-10-07 11:50:46.519 [main] DEBUG Boletin1.PorbandoLog - .bash_history
2025-10-07 11:50:46.519 [main] DEBUG Boletin1.PorbandoLog - .config
2025-10-07 11:50:46.519 [main] DEBUG Boletin1.PorbandoLog - .eclipse
2025-10-07 11:50:46.519 [main] DEBUG Boletin1.PorbandoLog - .emulator_console_auth_token
2025-10-07 11:50:46.520 [main] DEBUG Boletin1.PorbandoLog - .gitconfig
2025-10-07 11:50:46.520 [main] DEBUG Boletin1.PorbandoLog - .gradle
2025-10-07 11:50:46.520 [main] DEBUG Boletin1.PorbandoLog - .lemminx
2025-10-07 11:50:46.520 [main] DEBUG Boletin1.PorbandoLog - .lesshst
2025-10-07 11:50:46.520 [main] DEBUG Boletin1.PorbandoLog - .m2
2025-10-07 11:50:46.520 [main] DEBUG Boletin1.PorbandoLog - .quokka
2025-10-07 11:50:46.520 [main] DEBUG Boletin1.PorbandoLog - .skiko
2025-10-07 11:50:46.520 [main] DEBUG Boletin1.PorbandoLog - .sts4
2025-10-07 11:50:46.520 [main] DEBUG Boletin1.PorbandoLog - .viminfo
2025-10-07 11:50:46.521 [main] DEBUG Boletin1.PorbandoLog - .VirtualBox
2025-10-07 11:50:46.521 [main] DEBUG Boletin1.PorbandoLog - .vscode
2025-10-07 11:50:46.521 [main] DEBUG Boletin1.PorbandoLog - .wallaby
2025-10-07 11:50:46.521 [main] DEBUG Boletin1.PorbandoLog - AndroidStudioProjects
2025-10-07 11:50:46.521 [main] DEBUG Boletin1.PorbandoLog - AppData
2025-10-07 11:50:46.521 [main] DEBUG Boletin1.PorbandoLog - Configuración local
2025-10-07 11:50:46.521 [main] DEBUG Boletin1.PorbandoLog - Contacts
2025-10-07 11:50:46.521 [main] DEBUG Boletin1.PorbandoLog - Cookies
2025-10-07 11:50:46.521 [main] DEBUG Boletin1.PorbandoLog - Datos de programa
2025-10-07 11:50:46.521 [main] DEBUG Boletin1.PorbandoLog - Desktop
2025-10-07 11:50:46.521 [main] DEBUG Boletin1.PorbandoLog - Documents
2025-10-07 11:50:46.522 [main] DEBUG Boletin1.PorbandoLog - Downloads
2025-10-07 11:50:46.522 [main] DEBUG Boletin1.PorbandoLog - Entorno de red
2025-10-07 11:50:46.522 [main] DEBUG Boletin1.PorbandoLog - Favorites
2025-10-07 11:50:46.522 [main] DEBUG Boletin1.PorbandoLog - fichero.txt
2025-10-07 11:50:46.522 [main] DEBUG Boletin1.PorbandoLog - git
2025-10-07 11:50:46.522 [main] DEBUG Boletin1.PorbandoLog - Impresoras
2025-10-07 11:50:46.522 [main] DEBUG Boletin1.PorbandoLog - Links
2025-10-07 11:50:46.522 [main] DEBUG Boletin1.PorbandoLog - Menú Inicio
2025-10-07 11:50:46.522 [main] DEBUG Boletin1.PorbandoLog - Mis documentos
2025-10-07 11:50:46.522 [main] DEBUG Boletin1.PorbandoLog - Music
2025-10-07 11:50:46.523 [main] DEBUG Boletin1.PorbandoLog - NTUSER.DAT
2025-10-07 11:50:46.523 [main] DEBUG Boletin1.PorbandoLog - ntuser.dat.LOG1
2025-10-07 11:50:46.523 [main] DEBUG Boletin1.PorbandoLog - ntuser.dat.LOG2
2025-10-07 11:50:46.523 [main] DEBUG Boletin1.PorbandoLog - NTUSER.DAT{58823ad8-87f0-11f0-be0a-5e628bd7abba}.TM.blf
2025-10-07 11:50:46.523 [main] DEBUG Boletin1.PorbandoLog - NTUSER.DAT{58823ad8-87f0-11f0-be0a-5e628bd7abba}.TMContainer00000000000000000001.regtrans-ms
2025-10-07 11:50:46.523 [main] DEBUG Boletin1.PorbandoLog - NTUSER.DAT{58823ad8-87f0-11f0-be0a-5e628bd7abba}.TMContainer00000000000000000002.regtrans-ms
2025-10-07 11:50:46.523 [main] DEBUG Boletin1.PorbandoLog - ntuser.ini
2025-10-07 11:50:46.523 [main] DEBUG Boletin1.PorbandoLog - OneDrive
2025-10-07 11:50:46.524 [main] DEBUG Boletin1.PorbandoLog - Pictures
2025-10-07 11:50:46.524 [main] DEBUG Boletin1.PorbandoLog - Plantillas
2025-10-07 11:50:46.524 [main] DEBUG Boletin1.PorbandoLog - Reciente
2025-10-07 11:50:46.524 [main] DEBUG Boletin1.PorbandoLog - Saved Games
2025-10-07 11:50:46.524 [main] DEBUG Boletin1.PorbandoLog - Searches
2025-10-07 11:50:46.524 [main] DEBUG Boletin1.PorbandoLog - SendTo
2025-10-07 11:50:46.524 [main] DEBUG Boletin1.PorbandoLog - Videos
2025-10-07 11:51:29.399 [main] DEBUG Boletin1.PorbandoLog - hello world
2025-10-07 11:52:08.954 [main] DEBUG Boletin1.PorbandoLog - hello world
2025-10-07 11:52:08.958 [main] DEBUG Boletin1.PorbandoLog - .android
2025-10-07 11:52:08.958 [main] DEBUG Boletin1.PorbandoLog - .bash_history
2025-10-07 11:52:08.958 [main] DEBUG Boletin1.PorbandoLog - .config
2025-10-07 11:52:08.958 [main] DEBUG Boletin1.PorbandoLog - .eclipse
2025-10-07 11:52:08.958 [main] DEBUG Boletin1.PorbandoLog - .emulator_console_auth_token
2025-10-07 11:52:08.958 [main] DEBUG Boletin1.PorbandoLog - .gitconfig
2025-10-07 11:52:08.958 [main] DEBUG Boletin1.PorbandoLog - .gradle
2025-10-07 11:52:08.958 [main] DEBUG Boletin1.PorbandoLog - .lemminx
2025-10-07 11:52:08.959 [main] DEBUG Boletin1.PorbandoLog - .lesshst
2025-10-07 11:52:08.959 [main] DEBUG Boletin1.PorbandoLog - .m2
2025-10-07 11:52:08.959 [main] DEBUG Boletin1.PorbandoLog - .quokka
2025-10-07 11:52:08.959 [main] DEBUG Boletin1.PorbandoLog - .skiko
2025-10-07 11:52:08.959 [main] DEBUG Boletin1.PorbandoLog - .sts4
2025-10-07 11:52:08.959 [main] DEBUG Boletin1.PorbandoLog - .viminfo
2025-10-07 11:52:08.959 [main] DEBUG Boletin1.PorbandoLog - .VirtualBox
2025-10-07 11:52:08.959 [main] DEBUG Boletin1.PorbandoLog - .vscode
2025-10-07 11:52:08.959 [main] DEBUG Boletin1.PorbandoLog - .wallaby
2025-10-07 11:52:08.959 [main] DEBUG Boletin1.PorbandoLog - AndroidStudioProjects
2025-10-07 11:52:08.960 [main] DEBUG Boletin1.PorbandoLog - AppData
2025-10-07 11:52:08.960 [main] DEBUG Boletin1.PorbandoLog - Configuración local
2025-10-07 11:52:08.960 [main] DEBUG Boletin1.PorbandoLog - Contacts
2025-10-07 11:52:08.960 [main] DEBUG Boletin1.PorbandoLog - Cookies
2025-10-07 11:52:08.960 [main] DEBUG Boletin1.PorbandoLog - Datos de programa
2025-10-07 11:52:08.960 [main] DEBUG Boletin1.PorbandoLog - Desktop
2025-10-07 11:52:08.960 [main] DEBUG Boletin1.PorbandoLog - Documents
2025-10-07 11:52:08.960 [main] DEBUG Boletin1.PorbandoLog - Downloads
2025-10-07 11:52:08.960 [main] DEBUG Boletin1.PorbandoLog - Entorno de red
2025-10-07 11:52:08.960 [main] DEBUG Boletin1.PorbandoLog - Favorites
2025-10-07 11:52:08.960 [main] DEBUG Boletin1.PorbandoLog - fichero.txt
2025-10-07 11:52:08.960 [main] DEBUG Boletin1.PorbandoLog - git
2025-10-07 11:52:08.960 [main] DEBUG Boletin1.PorbandoLog - Impresoras
2025-10-07 11:52:08.960 [main] DEBUG Boletin1.PorbandoLog - Links
2025-10-07 11:52:08.961 [main] DEBUG Boletin1.PorbandoLog - Menú Inicio
2025-10-07 11:52:08.961 [main] DEBUG Boletin1.PorbandoLog - Mis documentos
2025-10-07 11:52:08.961 [main] DEBUG Boletin1.PorbandoLog - Music
2025-10-07 11:52:08.961 [main] DEBUG Boletin1.PorbandoLog - NTUSER.DAT
2025-10-07 11:52:08.961 [main] DEBUG Boletin1.PorbandoLog - ntuser.dat.LOG1
2025-10-07 11:52:08.961 [main] DEBUG Boletin1.PorbandoLog - ntuser.dat.LOG2
2025-10-07 11:52:08.961 [main] DEBUG Boletin1.PorbandoLog - NTUSER.DAT{58823ad8-87f0-11f0-be0a-5e628bd7abba}.TM.blf
2025-10-07 11:52:08.961 [main] DEBUG Boletin1.PorbandoLog - NTUSER.DAT{58823ad8-87f0-11f0-be0a-5e628bd7abba}.TMContainer00000000000000000001.regtrans-ms
2025-10-07 11:52:08.961 [main] DEBUG Boletin1.PorbandoLog - NTUSER.DAT{58823ad8-87f0-11f0-be0a-5e628bd7abba}.TMContainer00000000000000000002.regtrans-ms
2025-10-07 11:52:08.961 [main] DEBUG Boletin1.PorbandoLog - ntuser.ini
2025-10-07 11:52:08.961 [main] DEBUG Boletin1.PorbandoLog - OneDrive
2025-10-07 11:52:08.961 [main] DEBUG Boletin1.PorbandoLog - Pictures
2025-10-07 11:52:08.961 [main] DEBUG Boletin1.PorbandoLog - Plantillas
2025-10-07 11:52:08.962 [main] DEBUG Boletin1.PorbandoLog - Reciente
2025-10-07 11:52:08.962 [main] DEBUG Boletin1.PorbandoLog - Saved Games
2025-10-07 11:52:08.962 [main] DEBUG Boletin1.PorbandoLog - Searches
2025-10-07 11:52:08.962 [main] DEBUG Boletin1.PorbandoLog - SendTo
2025-10-07 11:52:08.962 [main] DEBUG Boletin1.PorbandoLog - Videos
2025-10-07 11:58:04.773 [main] DEBUG Boletin1.PorbandoLog - [Ljava.lang.String;@201a4587
2025-10-07 11:59:43.035 [main] DEBUG Boletin1.PorbandoLog - .android
2025-10-07 11:59:43.037 [main] DEBUG Boletin1.PorbandoLog - .bash_history
2025-10-07 11:59:43.037 [main] DEBUG Boletin1.PorbandoLog - .config
2025-10-07 11:59:43.037 [main] DEBUG Boletin1.PorbandoLog - .eclipse
2025-10-07 11:59:43.037 [main] DEBUG Boletin1.PorbandoLog - .emulator_console_auth_token
2025-10-07 11:59:43.037 [main] DEBUG Boletin1.PorbandoLog - .gitconfig
2025-10-07 11:59:43.037 [main] DEBUG Boletin1.PorbandoLog - .gradle
2025-10-07 11:59:43.037 [main] DEBUG Boletin1.PorbandoLog - .lemminx
2025-10-07 11:59:43.039 [main] DEBUG Boletin1.PorbandoLog - .lesshst
2025-10-07 11:59:43.039 [main] DEBUG Boletin1.PorbandoLog - .m2
2025-10-07 11:59:43.039 [main] DEBUG Boletin1.PorbandoLog - .quokka
2025-10-07 11:59:43.039 [main] DEBUG Boletin1.PorbandoLog - .skiko
2025-10-07 11:59:43.039 [main] DEBUG Boletin1.PorbandoLog - .sts4
2025-10-07 11:59:43.039 [main] DEBUG Boletin1.PorbandoLog - .viminfo
2025-10-07 11:59:43.039 [main] DEBUG Boletin1.PorbandoLog - .VirtualBox
2025-10-07 11:59:43.039 [main] DEBUG Boletin1.PorbandoLog - .vscode
2025-10-07 11:59:43.039 [main] DEBUG Boletin1.PorbandoLog - .wallaby
2025-10-07 11:59:43.039 [main] DEBUG Boletin1.PorbandoLog - AndroidStudioProjects
2025-10-07 11:59:43.040 [main] DEBUG Boletin1.PorbandoLog - AppData
2025-10-07 11:59:43.040 [main] DEBUG Boletin1.PorbandoLog - Configuración local
2025-10-07 11:59:43.040 [main] DEBUG Boletin1.PorbandoLog - Contacts
2025-10-07 11:59:43.040 [main] DEBUG Boletin1.PorbandoLog - Cookies
2025-10-07 11:59:43.040 [main] DEBUG Boletin1.PorbandoLog - Datos de programa
2025-10-07 11:59:43.040 [main] DEBUG Boletin1.PorbandoLog - Desktop
2025-10-07 11:59:43.040 [main] DEBUG Boletin1.PorbandoLog - Documents
2025-10-07 11:59:43.040 [main] DEBUG Boletin1.PorbandoLog - Downloads
2025-10-07 11:59:43.040 [main] DEBUG Boletin1.PorbandoLog - Entorno de red
2025-10-07 11:59:43.040 [main] DEBUG Boletin1.PorbandoLog - Favorites
2025-10-07 11:59:43.040 [main] DEBUG Boletin1.PorbandoLog - fichero.txt
2025-10-07 11:59:43.040 [main] DEBUG Boletin1.PorbandoLog - git
2025-10-07 11:59:43.040 [main] DEBUG Boletin1.PorbandoLog - Impresoras
2025-10-07 11:59:43.041 [main] DEBUG Boletin1.PorbandoLog - Links
2025-10-07 11:59:43.041 [main] DEBUG Boletin1.PorbandoLog - Menú Inicio
2025-10-07 11:59:43.041 [main] DEBUG Boletin1.PorbandoLog - Mis documentos
2025-10-07 11:59:43.041 [main] DEBUG Boletin1.PorbandoLog - Music
2025-10-07 11:59:43.041 [main] DEBUG Boletin1.PorbandoLog - NTUSER.DAT
2025-10-07 11:59:43.041 [main] DEBUG Boletin1.PorbandoLog - ntuser.dat.LOG1
2025-10-07 11:59:43.041 [main] DEBUG Boletin1.PorbandoLog - ntuser.dat.LOG2
2025-10-07 11:59:43.041 [main] DEBUG Boletin1.PorbandoLog - NTUSER.DAT{58823ad8-87f0-11f0-be0a-5e628bd7abba}.TM.blf
2025-10-07 11:59:43.041 [main] DEBUG Boletin1.PorbandoLog - NTUSER.DAT{58823ad8-87f0-11f0-be0a-5e628bd7abba}.TMContainer00000000000000000001.regtrans-ms
2025-10-07 11:59:43.041 [main] DEBUG Boletin1.PorbandoLog - NTUSER.DAT{58823ad8-87f0-11f0-be0a-5e628bd7abba}.TMContainer00000000000000000002.regtrans-ms
2025-10-07 11:59:43.041 [main] DEBUG Boletin1.PorbandoLog - ntuser.ini
2025-10-07 11:59:43.042 [main] DEBUG Boletin1.PorbandoLog - OneDrive
2025-10-07 11:59:43.042 [main] DEBUG Boletin1.PorbandoLog - Pictures
2025-10-07 11:59:43.042 [main] DEBUG Boletin1.PorbandoLog - Plantillas
2025-10-07 11:59:43.042 [main] DEBUG Boletin1.PorbandoLog - Reciente
2025-10-07 11:59:43.042 [main] DEBUG Boletin1.PorbandoLog - Saved Games
2025-10-07 11:59:43.042 [main] DEBUG Boletin1.PorbandoLog - Searches
2025-10-07 11:59:43.042 [main] DEBUG Boletin1.PorbandoLog - SendTo
2025-10-07 11:59:43.042 [main] DEBUG Boletin1.PorbandoLog - Videos
2025-10-07 12:04:14.863 [main] DEBUG Boletin1.PorbandoLog - archivos totales: 50
2025-10-07 12:04:14.865 [main] DEBUG Boletin1.PorbandoLog - .android
2025-10-07 12:04:14.865 [main] DEBUG Boletin1.PorbandoLog - archivos totales: 50
2025-10-07 12:04:14.866 [main] DEBUG Boletin1.PorbandoLog - .bash_history
2025-10-07 12:04:14.866 [main] DEBUG Boletin1.PorbandoLog - archivos totales: 50
2025-10-07 12:04:14.866 [main] DEBUG Boletin1.PorbandoLog - .config
2025-10-07 12:04:14.866 [main] DEBUG Boletin1.PorbandoLog - archivos totales: 50
2025-10-07 12:04:14.866 [main] DEBUG Boletin1.PorbandoLog - .eclipse
2025-10-07 12:04:14.866 [main] DEBUG Boletin1.PorbandoLog - archivos totales: 50
2025-10-07 12:04:14.866 [main] DEBUG Boletin1.PorbandoLog - .emulator_console_auth_token
2025-10-07 12:04:14.866 [main] DEBUG Boletin1.PorbandoLog - archivos totales: 50
2025-10-07 12:04:14.866 [main] DEBUG Boletin1.PorbandoLog - .gitconfig
2025-10-07 12:04:14.867 [main] DEBUG Boletin1.PorbandoLog - archivos totales: 50
2025-10-07 12:04:14.867 [main] DEBUG Boletin1.PorbandoLog - .gradle
2025-10-07 12:04:14.867 [main] DEBUG Boletin1.PorbandoLog - archivos totales: 50
2025-10-07 12:04:14.867 [main] DEBUG Boletin1.PorbandoLog - .lemminx
2025-10-07 12:04:14.867 [main] DEBUG Boletin1.PorbandoLog - archivos totales: 50
2025-10-07 12:04:14.867 [main] DEBUG Boletin1.PorbandoLog - .lesshst
2025-10-07 12:04:14.867 [main] DEBUG Boletin1.PorbandoLog - archivos totales: 50
2025-10-07 12:04:14.867 [main] DEBUG Boletin1.PorbandoLog - .m2
2025-10-07 12:04:14.867 [main] DEBUG Boletin1.PorbandoLog - archivos totales: 50
2025-10-07 12:04:14.867 [main] DEBUG Boletin1.PorbandoLog - .quokka
2025-10-07 12:04:14.867 [main] DEBUG Boletin1.PorbandoLog - archivos totales: 50
2025-10-07 12:04:14.868 [main] DEBUG Boletin1.PorbandoLog - .skiko
2025-10-07 12:04:14.868 [main] DEBUG Boletin1.PorbandoLog - archivos totales: 50
2025-10-07 12:04:14.868 [main] DEBUG Boletin1.PorbandoLog - .sts4
2025-10-07 12:04:14.868 [main] DEBUG Boletin1.PorbandoLog - archivos totales: 50
2025-10-07 12:04:14.868 [main] DEBUG Boletin1.PorbandoLog - .viminfo
2025-10-07 12:04:14.868 [main] DEBUG Boletin1.PorbandoLog - archivos totales: 50
2025-10-07 12:04:14.868 [main] DEBUG Boletin1.PorbandoLog - .VirtualBox
2025-10-07 12:04:14.868 [main] DEBUG Boletin1.PorbandoLog - archivos totales: 50
2025-10-07 12:04:14.868 [main] DEBUG Boletin1.PorbandoLog - .vscode
2025-10-07 12:04:14.868 [main] DEBUG Boletin1.PorbandoLog - archivos totales: 50
2025-10-07 12:04:14.868 [main] DEBUG Boletin1.PorbandoLog - .wallaby
2025-10-07 12:04:14.868 [main] DEBUG Boletin1.PorbandoLog - archivos totales: 50
2025-10-07 12:04:14.868 [main] DEBUG Boletin1.PorbandoLog - AndroidStudioProjects
2025-10-07 12:04:14.869 [main] DEBUG Boletin1.PorbandoLog - archivos totales: 50
2025-10-07 12:04:14.869 [main] DEBUG Boletin1.PorbandoLog - AppData
2025-10-07 12:04:14.869 [main] DEBUG Boletin1.PorbandoLog - archivos totales: 50
2025-10-07 12:04:14.869 [main] DEBUG Boletin1.PorbandoLog - Configuración local
2025-10-07 12:04:14.869 [main] DEBUG Boletin1.PorbandoLog - archivos totales: 50
2025-10-07 12:04:14.869 [main] DEBUG Boletin1.PorbandoLog - Contacts
2025-10-07 12:04:14.869 [main] DEBUG Boletin1.PorbandoLog - archivos totales: 50
2025-10-07 12:04:14.869 [main] DEBUG Boletin1.PorbandoLog - Cookies
2025-10-07 12:04:14.869 [main] DEBUG Boletin1.PorbandoLog - archivos totales: 50
2025-10-07 12:04:14.870 [main] DEBUG Boletin1.PorbandoLog - Datos de programa
2025-10-07 12:04:14.870 [main] DEBUG Boletin1.PorbandoLog - archivos totales: 50
2025-10-07 12:04:14.870 [main] DEBUG Boletin1.PorbandoLog - Desktop
2025-10-07 12:04:14.870 [main] DEBUG Boletin1.PorbandoLog - archivos totales: 50
2025-10-07 12:04:14.870 [main] DEBUG Boletin1.PorbandoLog - Documents
2025-10-07 12:04:14.870 [main] DEBUG Boletin1.PorbandoLog - archivos totales: 50
2025-10-07 12:04:14.870 [main] DEBUG Boletin1.PorbandoLog - Downloads
2025-10-07 12:04:14.870 [main] DEBUG Boletin1.PorbandoLog - archivos totales: 50
2025-10-07 12:04:14.870 [main] DEBUG Boletin1.PorbandoLog - Entorno de red
2025-10-07 12:04:14.870 [main] DEBUG Boletin1.PorbandoLog - archivos totales: 50
2025-10-07 12:04:14.870 [main] DEBUG Boletin1.PorbandoLog - Favorites
2025-10-07 12:04:14.870 [main] DEBUG Boletin1.PorbandoLog - archivos totales: 50
2025-10-07 12:04:14.871 [main] DEBUG Boletin1.PorbandoLog - fichero.txt
2025-10-07 12:04:14.871 [main] DEBUG Boletin1.PorbandoLog - archivos totales: 50
2025-10-07 12:04:14.871 [main] DEBUG Boletin1.PorbandoLog - git
2025-10-07 12:04:14.871 [main] DEBUG Boletin1.PorbandoLog - archivos totales: 50
2025-10-07 12:04:14.871 [main] DEBUG Boletin1.PorbandoLog - Impresoras
2025-10-07 12:04:14.871 [main] DEBUG Boletin1.PorbandoLog - archivos totales: 50
2025-10-07 12:04:14.871 [main] DEBUG Boletin1.PorbandoLog - Links
2025-10-07 12:04:14.871 [main] DEBUG Boletin1.PorbandoLog - archivos totales: 50
2025-10-07 12:04:14.871 [main] DEBUG Boletin1.PorbandoLog - Menú Inicio
2025-10-07 12:04:14.872 [main] DEBUG Boletin1.PorbandoLog - archivos totales: 50
2025-10-07 12:04:14.872 [main] DEBUG Boletin1.PorbandoLog - Mis documentos
2025-10-07 12:04:14.872 [main] DEBUG Boletin1.PorbandoLog - archivos totales: 50
2025-10-07 12:04:14.872 [main] DEBUG Boletin1.PorbandoLog - Music
2025-10-07 12:04:14.872 [main] DEBUG Boletin1.PorbandoLog - archivos totales: 50
2025-10-07 12:04:14.872 [main] DEBUG Boletin1.PorbandoLog - NTUSER.DAT
2025-10-07 12:04:14.872 [main] DEBUG Boletin1.PorbandoLog - archivos totales: 50
2025-10-07 12:04:14.872 [main] DEBUG Boletin1.PorbandoLog - ntuser.dat.LOG1
2025-10-07 12:04:14.872 [main] DEBUG Boletin1.PorbandoLog - archivos totales: 50
2025-10-07 12:04:14.872 [main] DEBUG Boletin1.PorbandoLog - ntuser.dat.LOG2
2025-10-07 12:04:14.872 [main] DEBUG Boletin1.PorbandoLog - archivos totales: 50
2025-10-07 12:04:14.872 [main] DEBUG Boletin1.PorbandoLog - NTUSER.DAT{58823ad8-87f0-11f0-be0a-5e628bd7abba}.TM.blf
2025-10-07 12:04:14.872 [main] DEBUG Boletin1.PorbandoLog - archivos totales: 50
2025-10-07 12:04:14.872 [main] DEBUG Boletin1.PorbandoLog - NTUSER.DAT{58823ad8-87f0-11f0-be0a-5e628bd7abba}.TMContainer00000000000000000001.regtrans-ms
2025-10-07 12:04:14.872 [main] DEBUG Boletin1.PorbandoLog - archivos totales: 50
2025-10-07 12:04:14.872 [main] DEBUG Boletin1.PorbandoLog - NTUSER.DAT{58823ad8-87f0-11f0-be0a-5e628bd7abba}.TMContainer00000000000000000002.regtrans-ms
2025-10-07 12:04:14.872 [main] DEBUG Boletin1.PorbandoLog - archivos totales: 50
2025-10-07 12:04:14.872 [main] DEBUG Boletin1.PorbandoLog - ntuser.ini
2025-10-07 12:04:14.872 [main] DEBUG Boletin1.PorbandoLog - archivos totales: 50
2025-10-07 12:04:14.874 [main] DEBUG Boletin1.PorbandoLog - OneDrive
2025-10-07 12:04:14.874 [main] DEBUG Boletin1.PorbandoLog - archivos totales: 50
2025-10-07 12:04:14.874 [main] DEBUG Boletin1.PorbandoLog - Pictures
2025-10-07 12:04:14.874 [main] DEBUG Boletin1.PorbandoLog - archivos totales: 50
2025-10-07 12:04:14.874 [main] DEBUG Boletin1.PorbandoLog - Plantillas
2025-10-07 12:04:14.874 [main] DEBUG Boletin1.PorbandoLog - archivos totales: 50
2025-10-07 12:04:14.874 [main] DEBUG Boletin1.PorbandoLog - Reciente
2025-10-07 12:04:14.874 [main] DEBUG Boletin1.PorbandoLog - archivos totales: 50
2025-10-07 12:04:14.874 [main] DEBUG Boletin1.PorbandoLog - Saved Games
2025-10-07 12:04:14.874 [main] DEBUG Boletin1.PorbandoLog - archivos totales: 50
2025-10-07 12:04:14.875 [main] DEBUG Boletin1.PorbandoLog - Searches
2025-10-07 12:04:14.875 [main] DEBUG Boletin1.PorbandoLog - archivos totales: 50
2025-10-07 12:04:14.875 [main] DEBUG Boletin1.PorbandoLog - SendTo
2025-10-07 12:04:14.875 [main] DEBUG Boletin1.PorbandoLog - archivos totales: 50
2025-10-07 12:04:14.875 [main] DEBUG Boletin1.PorbandoLog - Videos
2025-10-07 12:04:23.513 [main] DEBUG Boletin1.PorbandoLog - .android
2025-10-07 12:04:23.515 [main] DEBUG Boletin1.PorbandoLog - archivos totales: 50
2025-10-07 12:04:23.515 [main] DEBUG Boletin1.PorbandoLog - .bash_history
2025-10-07 12:04:23.515 [main] DEBUG Boletin1.PorbandoLog - archivos totales: 50
2025-10-07 12:04:23.515 [main] DEBUG Boletin1.PorbandoLog - .config
2025-10-07 12:04:23.515 [main] DEBUG Boletin1.PorbandoLog - archivos totales: 50
2025-10-07 12:04:23.516 [main] DEBUG Boletin1.PorbandoLog - .eclipse
2025-10-07 12:04:23.516 [main] DEBUG Boletin1.PorbandoLog - archivos totales: 50
2025-10-07 12:04:23.516 [main] DEBUG Boletin1.PorbandoLog - .emulator_console_auth_token
2025-10-07 12:04:23.516 [main] DEBUG Boletin1.PorbandoLog - archivos totales: 50
2025-10-07 12:04:23.516 [main] DEBUG Boletin1.PorbandoLog - .gitconfig
2025-10-07 12:04:23.516 [main] DEBUG Boletin1.PorbandoLog - archivos totales: 50
2025-10-07 12:04:23.516 [main] DEBUG Boletin1.PorbandoLog - .gradle
2025-10-07 12:04:23.516 [main] DEBUG Boletin1.PorbandoLog - archivos totales: 50
2025-10-07 12:04:23.517 [main] DEBUG Boletin1.PorbandoLog - .lemminx
2025-10-07 12:04:23.517 [main] DEBUG Boletin1.PorbandoLog - archivos totales: 50
2025-10-07 12:04:23.517 [main] DEBUG Boletin1.PorbandoLog - .lesshst
2025-10-07 12:04:23.517 [main] DEBUG Boletin1.PorbandoLog - archivos totales: 50
2025-10-07 12:04:23.517 [main] DEBUG Boletin1.PorbandoLog - .m2
2025-10-07 12:04:23.517 [main] DEBUG Boletin1.PorbandoLog - archivos totales: 50
2025-10-07 12:04:23.517 [main] DEBUG Boletin1.PorbandoLog - .quokka
2025-10-07 12:04:23.517 [main] DEBUG Boletin1.PorbandoLog - archivos totales: 50
2025-10-07 12:04:23.517 [main] DEBUG Boletin1.PorbandoLog - .skiko
2025-10-07 12:04:23.517 [main] DEBUG Boletin1.PorbandoLog - archivos totales: 50
2025-10-07 12:04:23.517 [main] DEBUG Boletin1.PorbandoLog - .sts4
2025-10-07 12:04:23.518 [main] DEBUG Boletin1.PorbandoLog - archivos totales: 50
2025-10-07 12:04:23.518 [main] DEBUG Boletin1.PorbandoLog - .viminfo
2025-10-07 12:04:23.518 [main] DEBUG Boletin1.PorbandoLog - archivos totales: 50
2025-10-07 12:04:23.518 [main] DEBUG Boletin1.PorbandoLog - .VirtualBox
2025-10-07 12:04:23.518 [main] DEBUG Boletin1.PorbandoLog - archivos totales: 50
2025-10-07 12:04:23.518 [main] DEBUG Boletin1.PorbandoLog - .vscode
2025-10-07 12:04:23.518 [main] DEBUG Boletin1.PorbandoLog - archivos totales: 50
2025-10-07 12:04:23.519 [main] DEBUG Boletin1.PorbandoLog - .wallaby
2025-10-07 12:04:23.519 [main] DEBUG Boletin1.PorbandoLog - archivos totales: 50
2025-10-07 12:04:23.519 [main] DEBUG Boletin1.PorbandoLog - AndroidStudioProjects
2025-10-07 12:04:23.519 [main] DEBUG Boletin1.PorbandoLog - archivos totales: 50
2025-10-07 12:04:23.519 [main] DEBUG Boletin1.PorbandoLog - AppData
2025-10-07 12:04:23.519 [main] DEBUG Boletin1.PorbandoLog - archivos totales: 50
2025-10-07 12:04:23.519 [main] DEBUG Boletin1.PorbandoLog - Configuración local
2025-10-07 12:04:23.519 [main] DEBUG Boletin1.PorbandoLog - archivos totales: 50
2025-10-07 12:04:23.519 [main] DEBUG Boletin1.PorbandoLog - Contacts
2025-10-07 12:04:23.519 [main] DEBUG Boletin1.PorbandoLog - archivos totales: 50
2025-10-07 12:04:23.519 [main] DEBUG Boletin1.PorbandoLog - Cookies
2025-10-07 12:04:23.520 [main] DEBUG Boletin1.PorbandoLog - archivos totales: 50
2025-10-07 12:04:23.520 [main] DEBUG Boletin1.PorbandoLog - Datos de programa
2025-10-07 12:04:23.520 [main] DEBUG Boletin1.PorbandoLog - archivos totales: 50
2025-10-07 12:04:23.520 [main] DEBUG Boletin1.PorbandoLog - Desktop
2025-10-07 12:04:23.520 [main] DEBUG Boletin1.PorbandoLog - archivos totales: 50
2025-10-07 12:04:23.520 [main] DEBUG Boletin1.PorbandoLog - Documents
2025-10-07 12:04:23.520 [main] DEBUG Boletin1.PorbandoLog - archivos totales: 50
2025-10-07 12:04:23.520 [main] DEBUG Boletin1.PorbandoLog - Downloads
2025-10-07 12:04:23.520 [main] DEBUG Boletin1.PorbandoLog - archivos totales: 50
2025-10-07 12:04:23.520 [main] DEBUG Boletin1.PorbandoLog - Entorno de red
2025-10-07 12:04:23.521 [main] DEBUG Boletin1.PorbandoLog - archivos totales: 50
2025-10-07 12:04:23.521 [main] DEBUG Boletin1.PorbandoLog - Favorites
2025-10-07 12:04:23.521 [main] DEBUG Boletin1.PorbandoLog - archivos totales: 50
2025-10-07 12:04:23.521 [main] DEBUG Boletin1.PorbandoLog - fichero.txt
2025-10-07 12:04:23.521 [main] DEBUG Boletin1.PorbandoLog - archivos totales: 50
2025-10-07 12:04:23.521 [main] DEBUG Boletin1.PorbandoLog - git
2025-10-07 12:04:23.521 [main] DEBUG Boletin1.PorbandoLog - archivos totales: 50
2025-10-07 12:04:23.521 [main] DEBUG Boletin1.PorbandoLog - Impresoras
2025-10-07 12:04:23.521 [main] DEBUG Boletin1.PorbandoLog - archivos totales: 50
2025-10-07 12:04:23.521 [main] DEBUG Boletin1.PorbandoLog - Links
2025-10-07 12:04:23.521 [main] DEBUG Boletin1.PorbandoLog - archivos totales: 50
2025-10-07 12:04:23.522 [main] DEBUG Boletin1.PorbandoLog - Menú Inicio
2025-10-07 12:04:23.522 [main] DEBUG Boletin1.PorbandoLog - archivos totales: 50
2025-10-07 12:04:23.522 [main] DEBUG Boletin1.PorbandoLog - Mis documentos
2025-10-07 12:04:23.522 [main] DEBUG Boletin1.PorbandoLog - archivos totales: 50
2025-10-07 12:04:23.522 [main] DEBUG Boletin1.PorbandoLog - Music
2025-10-07 12:04:23.522 [main] DEBUG Boletin1.PorbandoLog - archivos totales: 50
2025-10-07 12:04:23.522 [main] DEBUG Boletin1.PorbandoLog - NTUSER.DAT
2025-10-07 12:04:23.522 [main] DEBUG Boletin1.PorbandoLog - archivos totales: 50
2025-10-07 12:04:23.522 [main] DEBUG Boletin1.PorbandoLog - ntuser.dat.LOG1
2025-10-07 12:04:23.522 [main] DEBUG Boletin1.PorbandoLog - archivos totales: 50
2025-10-07 12:04:23.522 [main] DEBUG Boletin1.PorbandoLog - ntuser.dat.LOG2
2025-10-07 12:04:23.523 [main] DEBUG Boletin1.PorbandoLog - archivos totales: 50
2025-10-07 12:04:23.523 [main] DEBUG Boletin1.PorbandoLog - NTUSER.DAT{58823ad8-87f0-11f0-be0a-5e628bd7abba}.TM.blf
2025-10-07 12:04:23.523 [main] DEBUG Boletin1.PorbandoLog - archivos totales: 50
2025-10-07 12:04:23.523 [main] DEBUG Boletin1.PorbandoLog - NTUSER.DAT{58823ad8-87f0-11f0-be0a-5e628bd7abba}.TMContainer00000000000000000001.regtrans-ms
2025-10-07 12:04:23.523 [main] DEBUG Boletin1.PorbandoLog - archivos totales: 50
2025-10-07 12:04:23.523 [main] DEBUG Boletin1.PorbandoLog - NTUSER.DAT{58823ad8-87f0-11f0-be0a-5e628bd7abba}.TMContainer00000000000000000002.regtrans-ms
2025-10-07 12:04:23.523 [main] DEBUG Boletin1.PorbandoLog - archivos totales: 50
2025-10-07 12:04:23.523 [main] DEBUG Boletin1.PorbandoLog - ntuser.ini
2025-10-07 12:04:23.523 [main] DEBUG Boletin1.PorbandoLog - archivos totales: 50
2025-10-07 12:04:23.523 [main] DEBUG Boletin1.PorbandoLog - OneDrive
2025-10-07 12:04:23.523 [main] DEBUG Boletin1.PorbandoLog - archivos totales: 50
2025-10-07 12:04:23.524 [main] DEBUG Boletin1.PorbandoLog - Pictures
2025-10-07 12:04:23.524 [main] DEBUG Boletin1.PorbandoLog - archivos totales: 50
2025-10-07 12:04:23.524 [main] DEBUG Boletin1.PorbandoLog - Plantillas
2025-10-07 12:04:23.524 [main] DEBUG Boletin1.PorbandoLog - archivos totales: 50
2025-10-07 12:04:23.524 [main] DEBUG Boletin1.PorbandoLog - Reciente
2025-10-07 12:04:23.524 [main] DEBUG Boletin1.PorbandoLog - archivos totales: 50
2025-10-07 12:04:23.524 [main] DEBUG Boletin1.PorbandoLog - Saved Games
2025-10-07 12:04:23.524 [main] DEBUG Boletin1.PorbandoLog - archivos totales: 50
2025-10-07 12:04:23.524 [main] DEBUG Boletin1.PorbandoLog - Searches
2025-10-07 12:04:23.524 [main] DEBUG Boletin1.PorbandoLog - archivos totales: 50
2025-10-07 12:04:23.524 [main] DEBUG Boletin1.PorbandoLog - SendTo
2025-10-07 12:04:23.524 [main] DEBUG Boletin1.PorbandoLog - archivos totales: 50
2025-10-07 12:04:23.524 [main] DEBUG Boletin1.PorbandoLog - Videos
2025-10-07 12:04:23.525 [main] DEBUG Boletin1.PorbandoLog - archivos totales: 50
2025-10-07 12:04:45.245 [main] DEBUG Boletin1.PorbandoLog - .android
2025-10-07 12:04:45.248 [main] DEBUG Boletin1.PorbandoLog - .bash_history
2025-10-07 12:04:45.248 [main] DEBUG Boletin1.PorbandoLog - .config
2025-10-07 12:04:45.248 [main] DEBUG Boletin1.PorbandoLog - .eclipse
2025-10-07 12:04:45.248 [main] DEBUG Boletin1.PorbandoLog - .emulator_console_auth_token
2025-10-07 12:04:45.248 [main] DEBUG Boletin1.PorbandoLog - .gitconfig
2025-10-07 12:04:45.248 [main] DEBUG Boletin1.PorbandoLog - .gradle
2025-10-07 12:04:45.248 [main] DEBUG Boletin1.PorbandoLog - .lemminx
2025-10-07 12:04:45.248 [main] DEBUG Boletin1.PorbandoLog - .lesshst
2025-10-07 12:04:45.248 [main] DEBUG Boletin1.PorbandoLog - .m2
2025-10-07 12:04:45.248 [main] DEBUG Boletin1.PorbandoLog - .quokka
2025-10-07 12:04:45.248 [main] DEBUG Boletin1.PorbandoLog - .skiko
2025-10-07 12:04:45.249 [main] DEBUG Boletin1.PorbandoLog - .sts4
2025-10-07 12:04:45.249 [main] DEBUG Boletin1.PorbandoLog - .viminfo
2025-10-07 12:04:45.249 [main] DEBUG Boletin1.PorbandoLog - .VirtualBox
2025-10-07 12:04:45.249 [main] DEBUG Boletin1.PorbandoLog - .vscode
2025-10-07 12:04:45.249 [main] DEBUG Boletin1.PorbandoLog - .wallaby
2025-10-07 12:04:45.249 [main] DEBUG Boletin1.PorbandoLog - AndroidStudioProjects
2025-10-07 12:04:45.249 [main] DEBUG Boletin1.PorbandoLog - AppData
2025-10-07 12:04:45.249 [main] DEBUG Boletin1.PorbandoLog - Configuración local
2025-10-07 12:04:45.249 [main] DEBUG Boletin1.PorbandoLog - Contacts
2025-10-07 12:04:45.249 [main] DEBUG Boletin1.PorbandoLog - Cookies
2025-10-07 12:04:45.249 [main] DEBUG Boletin1.PorbandoLog - Datos de programa
2025-10-07 12:04:45.249 [main] DEBUG Boletin1.PorbandoLog - Desktop
2025-10-07 12:04:45.250 [main] DEBUG Boletin1.PorbandoLog - Documents
2025-10-07 12:04:45.250 [main] DEBUG Boletin1.PorbandoLog - Downloads
2025-10-07 12:04:45.250 [main] DEBUG Boletin1.PorbandoLog - Entorno de red
2025-10-07 12:04:45.250 [main] DEBUG Boletin1.PorbandoLog - Favorites
2025-10-07 12:04:45.250 [main] DEBUG Boletin1.PorbandoLog - fichero.txt
2025-10-07 12:04:45.250 [main] DEBUG Boletin1.PorbandoLog - git
2025-10-07 12:04:45.250 [main] DEBUG Boletin1.PorbandoLog - Impresoras
2025-10-07 12:04:45.250 [main] DEBUG Boletin1.PorbandoLog - Links
2025-10-07 12:04:45.250 [main] DEBUG Boletin1.PorbandoLog - Menú Inicio
2025-10-07 12:04:45.250 [main] DEBUG Boletin1.PorbandoLog - Mis documentos
2025-10-07 12:04:45.250 [main] DEBUG Boletin1.PorbandoLog - Music
2025-10-07 12:04:45.250 [main] DEBUG Boletin1.PorbandoLog - NTUSER.DAT
2025-10-07 12:04:45.251 [main] DEBUG Boletin1.PorbandoLog - ntuser.dat.LOG1
2025-10-07 12:04:45.251 [main] DEBUG Boletin1.PorbandoLog - ntuser.dat.LOG2
2025-10-07 12:04:45.251 [main] DEBUG Boletin1.PorbandoLog - NTUSER.DAT{58823ad8-87f0-11f0-be0a-5e628bd7abba}.TM.blf
2025-10-07 12:04:45.251 [main] DEBUG Boletin1.PorbandoLog - NTUSER.DAT{58823ad8-87f0-11f0-be0a-5e628bd7abba}.TMContainer00000000000000000001.regtrans-ms
2025-10-07 12:04:45.251 [main] DEBUG Boletin1.PorbandoLog - NTUSER.DAT{58823ad8-87f0-11f0-be0a-5e628bd7abba}.TMContainer00000000000000000002.regtrans-ms
2025-10-07 12:04:45.251 [main] DEBUG Boletin1.PorbandoLog - ntuser.ini
2025-10-07 12:04:45.251 [main] DEBUG Boletin1.PorbandoLog - OneDrive
2025-10-07 12:04:45.251 [main] DEBUG Boletin1.PorbandoLog - Pictures
2025-10-07 12:04:45.251 [main] DEBUG Boletin1.PorbandoLog - Plantillas
2025-10-07 12:04:45.251 [main] DEBUG Boletin1.PorbandoLog - Reciente
2025-10-07 12:04:45.252 [main] DEBUG Boletin1.PorbandoLog - Saved Games
2025-10-07 12:04:45.252 [main] DEBUG Boletin1.PorbandoLog - Searches
2025-10-07 12:04:45.252 [main] DEBUG Boletin1.PorbandoLog - SendTo
2025-10-07 12:04:45.252 [main] DEBUG Boletin1.PorbandoLog - Videos
2025-10-07 12:04:45.252 [main] DEBUG Boletin1.PorbandoLog - archivos totales: 50
