2025-11-09 13:43:50.050 [main] ERROR repaso.accesoADatos.utiles.PeliculasDOMXml - C:\Users\Cristina\Documents\workspace-spring-tools-for-eclipse-4.32.0.RELEASE\repaso.accesoADatos\src\main\resources\peliculas.xml (El sistema no puede encontrar el archivo especificado)
2025-11-09 13:43:50.058 [main] ERROR repaso.accesoADatos.controlador.GestionaPelicula - Error leyendo las películas desde XML
java.lang.NullPointerException: null
	at repaso.accesoADatos.utiles.PeliculasDOMXml.leerPeliculasDesdeXML(PeliculasDOMXml.java:46) ~[classes/:?]
	at repaso.accesoADatos.controlador.GestionaPelicula.main(GestionaPelicula.java:27) [classes/:?]
2025-11-09 16:54:07.291 [main] INFO  repaso.accesoADatos.controlador.GestionaProductos - Leyendo productos desde XML...
2025-11-09 16:54:07.308 [main] INFO  repaso.accesoADatos.controlador.GestionaProductos - Agregando productos al repositorio...
2025-11-09 16:54:07.313 [main] INFO  repaso.accesoADatos.controlador.GestionaProductos - Producto agregado: Producto 1
2025-11-09 16:54:07.314 [main] INFO  repaso.accesoADatos.controlador.GestionaProductos - Producto agregado: Producto 2
2025-11-09 16:54:07.314 [main] INFO  repaso.accesoADatos.controlador.GestionaProductos - Producto agregado: Producto 3
2025-11-09 16:54:07.314 [main] INFO  repaso.accesoADatos.controlador.GestionaProductos - Producto agregado: Producto 4
2025-11-09 16:54:07.315 [main] INFO  repaso.accesoADatos.controlador.GestionaProductos - Filtrando productos con stock < 5...
2025-11-09 16:54:07.315 [main] INFO  repaso.accesoADatos.controlador.GestionaProductos - Retirando de venta productos con stock < 5...
2025-11-09 16:54:07.315 [main] INFO  repaso.accesoADatos.controlador.GestionaProductos - Generando JSON de productos NO en venta...
2025-11-09 16:54:07.322 [main] INFO  repaso.accesoADatos.controlador.GestionaProductos - Generando XML de productos NO en venta...
2025-11-09 16:54:07.329 [main] INFO  repaso.accesoADatos.controlador.GestionaProductos - Proceso completado correctamente.
2025-11-09 16:58:30.416 [main] INFO  repaso.accesoADatos.controlador.GestionaProductos - Leyendo productos desde XML...
2025-11-09 16:58:30.434 [main] INFO  repaso.accesoADatos.controlador.GestionaProductos - Agregando productos al repositorio...
2025-11-09 16:58:30.438 [main] INFO  repaso.accesoADatos.controlador.GestionaProductos - Producto agregado: Producto 1
2025-11-09 16:58:30.439 [main] INFO  repaso.accesoADatos.controlador.GestionaProductos - Producto agregado: Producto 2
2025-11-09 16:58:30.439 [main] INFO  repaso.accesoADatos.controlador.GestionaProductos - Producto agregado: Producto 3
2025-11-09 16:58:30.439 [main] INFO  repaso.accesoADatos.controlador.GestionaProductos - Producto agregado: Producto 4
2025-11-09 16:58:30.439 [main] INFO  repaso.accesoADatos.controlador.GestionaProductos - Filtrando productos con stock < 5...
2025-11-09 16:58:30.439 [main] INFO  repaso.accesoADatos.controlador.GestionaProductos - Retirando de venta productos con stock < 5...
2025-11-09 16:58:30.440 [main] INFO  repaso.accesoADatos.controlador.GestionaProductos - Generando JSON de productos NO en venta...
2025-11-09 16:58:30.445 [main] INFO  repaso.accesoADatos.controlador.GestionaProductos - Generando XML de productos NO en venta...
2025-11-09 16:58:30.461 [main] INFO  repaso.accesoADatos.controlador.GestionaProductos - Proceso completado correctamente.
2025-11-09 17:16:22.695 [main] INFO  repaso.accesoADatos.controlador.GestionaProductos - Leyendo productos desde XML...
2025-11-09 17:16:22.706 [main] INFO  repaso.accesoADatos.controlador.GestionaProductos - Agregando productos al repositorio...
2025-11-09 17:16:22.710 [main] INFO  repaso.accesoADatos.controlador.GestionaProductos - Producto agregado: Producto 1
2025-11-09 17:16:22.710 [main] INFO  repaso.accesoADatos.controlador.GestionaProductos - Producto agregado: Producto 2
2025-11-09 17:16:22.711 [main] INFO  repaso.accesoADatos.controlador.GestionaProductos - Producto agregado: Producto 3
2025-11-09 17:16:22.711 [main] INFO  repaso.accesoADatos.controlador.GestionaProductos - Producto agregado: Producto 4
2025-11-09 17:16:22.712 [main] INFO  repaso.accesoADatos.controlador.GestionaProductos - Filtrando productos con stock < 7...
2025-11-09 17:16:22.713 [main] INFO  repaso.accesoADatos.controlador.GestionaProductos - Retirando de venta productos con stock < 5...
2025-11-09 17:16:22.714 [main] INFO  repaso.accesoADatos.controlador.GestionaProductos - Generando JSON de productos NO en venta...
2025-11-09 17:16:22.720 [main] INFO  repaso.accesoADatos.controlador.GestionaProductos - Generando XML de productos NO en venta...
2025-11-09 17:16:22.723 [main] INFO  repaso.accesoADatos.controlador.GestionaProductos - Proceso completado correctamente.
2025-11-09 18:41:23.922 [main] INFO  repaso.accesoADatos.controlador.GestionaProductos - Leyendo productos desde XML...
2025-11-09 18:41:23.936 [main] INFO  repaso.accesoADatos.controlador.GestionaProductos - Agregando productos al repositorio...
2025-11-09 18:41:23.939 [main] INFO  repaso.accesoADatos.controlador.GestionaProductos - Producto agregado: Producto 1
2025-11-09 18:41:23.939 [main] INFO  repaso.accesoADatos.controlador.GestionaProductos - Producto agregado: Producto 2
2025-11-09 18:41:23.939 [main] INFO  repaso.accesoADatos.controlador.GestionaProductos - Producto agregado: Producto 3
2025-11-09 18:41:23.940 [main] INFO  repaso.accesoADatos.controlador.GestionaProductos - Producto agregado: Producto 4
2025-11-09 18:41:23.940 [main] INFO  repaso.accesoADatos.controlador.GestionaProductos - Filtrando productos con stock < 7...
2025-11-09 18:41:23.940 [main] INFO  repaso.accesoADatos.controlador.GestionaProductos - Retirando de venta productos con stock < 5...
2025-11-09 18:41:23.940 [main] INFO  repaso.accesoADatos.controlador.GestionaProductos - Generando JSON de productos NO en venta...
2025-11-09 18:41:23.943 [main] INFO  repaso.accesoADatos.controlador.GestionaProductos - Generando XML de productos NO en venta...
2025-11-09 18:41:23.945 [main] INFO  repaso.accesoADatos.controlador.GestionaProductos - Proceso completado correctamente.
2025-11-09 20:13:35.808 [main] INFO  repaso.accesoADatos.controlador.GestionaProductos - Leyendo productos desde XML...
2025-11-09 20:13:35.820 [main] INFO  repaso.accesoADatos.controlador.GestionaProductos - Agregando productos al repositorio...
2025-11-09 20:13:35.825 [main] INFO  repaso.accesoADatos.controlador.GestionaProductos - Producto agregado: Producto 1
2025-11-09 20:13:35.826 [main] INFO  repaso.accesoADatos.controlador.GestionaProductos - Producto agregado: Producto 2
2025-11-09 20:13:35.826 [main] INFO  repaso.accesoADatos.controlador.GestionaProductos - Producto agregado: Producto 3
2025-11-09 20:13:35.827 [main] INFO  repaso.accesoADatos.controlador.GestionaProductos - Producto agregado: Producto 4
2025-11-09 20:13:35.827 [main] INFO  repaso.accesoADatos.controlador.GestionaProductos - Filtrando productos con stock < 7...
2025-11-09 20:13:35.829 [main] INFO  repaso.accesoADatos.controlador.GestionaProductos - Retirando de venta productos con stock < 5...
2025-11-09 20:13:35.831 [main] INFO  repaso.accesoADatos.controlador.GestionaProductos - Generando JSON de productos NO en venta...
2025-11-09 20:13:35.838 [main] INFO  repaso.accesoADatos.controlador.GestionaProductos - Generando XML de productos NO en venta...
2025-11-09 20:13:35.841 [main] INFO  repaso.accesoADatos.controlador.GestionaProductos - Proceso completado correctamente.
2025-11-09 20:13:55.389 [main] INFO  repaso.accesoADatos.controlador.GestionaProductos - Leyendo productos desde XML...
2025-11-09 20:13:55.401 [main] INFO  repaso.accesoADatos.controlador.GestionaProductos - Agregando productos al repositorio...
2025-11-09 20:13:55.405 [main] INFO  repaso.accesoADatos.controlador.GestionaProductos - Producto agregado: Producto 1
2025-11-09 20:13:55.405 [main] INFO  repaso.accesoADatos.controlador.GestionaProductos - Producto agregado: Producto 2
2025-11-09 20:13:55.406 [main] INFO  repaso.accesoADatos.controlador.GestionaProductos - Producto agregado: Producto 3
2025-11-09 20:13:55.406 [main] INFO  repaso.accesoADatos.controlador.GestionaProductos - Producto agregado: Producto 4
2025-11-09 20:13:55.406 [main] INFO  repaso.accesoADatos.controlador.GestionaProductos - Filtrando productos con stock < 7...
2025-11-09 20:13:55.407 [main] INFO  repaso.accesoADatos.controlador.GestionaProductos - Retirando de venta productos con stock < 5...
2025-11-09 20:13:55.407 [main] INFO  repaso.accesoADatos.controlador.GestionaProductos - Generando JSON de productos NO en venta...
2025-11-09 20:13:55.412 [main] INFO  repaso.accesoADatos.controlador.GestionaProductos - Generando XML de productos NO en venta...
2025-11-09 20:13:55.415 [main] INFO  repaso.accesoADatos.controlador.GestionaProductos - Proceso completado correctamente.
2025-11-09 20:44:26.749 [main] INFO  repaso.accesoADatos.controlador.GestionaReceta - Receta agregada al repositorio: Pollo a la almendra
2025-11-09 20:44:26.819 [main] INFO  repaso.accesoADatos.controlador.GestionaReceta - Archivo RecetaDOM.xml generado correctamente en src/main/resources/
2025-11-09 20:45:46.332 [main] INFO  repaso.accesoADatos.controlador.GestionaReceta - Receta agregada al repositorio: Pollo a ll chilindron
2025-11-09 20:45:46.382 [main] INFO  repaso.accesoADatos.controlador.GestionaReceta - Archivo RecetaDOM.xml generado correctamente en src/main/resources/
