2025-12-13 19:49:20.897 [main] INFO  controlador.GestionaDixit - --- 1. INICIANDO PROGRAMA ---
2025-12-13 19:49:21.244 [main] INFO  controlador.GestionaDixit - --- 2. CONEXIÓN EXITOSA ---
2025-12-13 19:49:21.245 [main] INFO  controlador.GestionaDixit - --- INICIO DEL TORNEO DIXIT DE PRUEBA ---
2025-12-13 19:49:21.245 [main] INFO  controlador.GestionaDixit - 
=== CREACIÓN DE JUGADORES INICIALES ===
2025-12-13 19:49:21.291 [main] INFO  repositorio.RepositorioJugadores - Jugador guardado correctamente: Ana Pérez
2025-12-13 19:49:21.305 [main] INFO  repositorio.RepositorioJugadores - Jugador guardado correctamente: Borja Cruz
2025-12-13 19:49:21.317 [main] INFO  repositorio.RepositorioJugadores - Jugador guardado correctamente: Carlos Díez
2025-12-13 19:49:21.317 [main] INFO  controlador.GestionaDixit - === FIN DE LA PRUEBA AÑADIR JUGADORES ===
2025-12-13 20:06:10.856 [main] INFO  controlador.GestionaDixit - --- 1. INICIANDO PROGRAMA ---
2025-12-13 20:06:11.212 [main] INFO  controlador.GestionaDixit - --- 2. CONEXIÓN EXITOSA ---
2025-12-13 20:06:11.212 [main] INFO  controlador.GestionaDixit - --- INICIO DEL TORNEO DIXIT DE PRUEBA ---
2025-12-13 20:06:11.213 [main] INFO  controlador.GestionaDixit - 
=== CREACIÓN DE JUGADORES INICIALES ===
2025-12-13 20:06:11.248 [main] INFO  repositorio.RepositorioJugadores - Jugador guardado correctamente: Ana Pérez
2025-12-13 20:06:11.258 [main] INFO  repositorio.RepositorioJugadores - Jugador guardado correctamente: Borja Cruz
2025-12-13 20:06:11.268 [main] INFO  repositorio.RepositorioJugadores - Jugador guardado correctamente: Carlos Díez
2025-12-13 20:06:11.269 [main] INFO  controlador.GestionaDixit - === FIN DE LA PRUEBA AÑADIR JUGADORES ===
2025-12-13 20:06:11.270 [main] INFO  controlador.GestionaDixit - 
=== SIMULACIÓN DE RONDA: BÚSQUEDA Y ACTUALIZACIÓN ===
2025-12-13 20:06:11.308 [main] INFO  controlador.GestionaDixit - -> Antes: elNarrador tiene 0 puntos.
2025-12-13 20:06:11.316 [main] INFO  repositorio.RepositorioJugadores - Jugador guardado correctamente: Ana Pérez
2025-12-13 20:06:11.317 [main] INFO  controlador.GestionaDixit - -> Despúes: Puntos de elNarrador actualizados a: 3
2025-12-13 20:06:11.317 [main] INFO  controlador.GestionaDixit - -> Antes: elNarrador tiene 0 puntos.
2025-12-13 20:06:11.329 [main] INFO  repositorio.RepositorioJugadores - Jugador guardado correctamente: Ana Pérez
2025-12-13 20:06:11.330 [main] INFO  controlador.GestionaDixit - -> Despúes: Puntos de elNarrador actualizados a: 2
2025-12-13 20:06:11.330 [main] INFO  controlador.GestionaDixit - 
=== FIN DEL TORNEO DE PRUEBA ===
2025-12-13 20:14:52.525 [main] INFO  controlador.GestionaDixit - --- 1. INICIANDO PROGRAMA ---
2025-12-13 20:14:53.142 [main] INFO  controlador.GestionaDixit - --- 2. CONEXIÓN EXITOSA ---
2025-12-13 20:14:53.142 [main] INFO  controlador.GestionaDixit - --- INICIO DEL TORNEO DIXIT DE PRUEBA ---
2025-12-13 20:14:53.143 [main] INFO  controlador.GestionaDixit - 
=== CREACIÓN DE JUGADORES INICIALES ===
2025-12-13 20:14:53.177 [main] INFO  repositorio.RepositorioJugadores - Jugador guardado correctamente: Ana Pérez
2025-12-13 20:14:53.185 [main] INFO  repositorio.RepositorioJugadores - Jugador guardado correctamente: Borja Cruz
2025-12-13 20:14:53.192 [main] INFO  repositorio.RepositorioJugadores - Jugador guardado correctamente: Carlos Díez
2025-12-13 20:14:53.192 [main] INFO  controlador.GestionaDixit - === FIN DE LA PRUEBA AÑADIR JUGADORES ===
2025-12-13 20:14:53.193 [main] INFO  controlador.GestionaDixit - 
=== SIMULACIÓN DE RONDA: BÚSQUEDA Y ACTUALIZACIÓN ===
2025-12-13 20:14:53.213 [main] INFO  controlador.GestionaDixit - -> Antes: elNarrador tiene 0 puntos.
2025-12-13 20:14:53.228 [main] INFO  repositorio.RepositorioJugadores - Jugador guardado correctamente: Ana Pérez
2025-12-13 20:14:53.228 [main] INFO  controlador.GestionaDixit - -> Despúes: Puntos de elNarrador actualizados a: 3
2025-12-13 20:14:53.229 [main] INFO  controlador.GestionaDixit - -> Antes: elNarrador tiene 0 puntos.
2025-12-13 20:14:53.237 [main] INFO  repositorio.RepositorioJugadores - Jugador guardado correctamente: Ana Pérez
2025-12-13 20:14:53.238 [main] INFO  controlador.GestionaDixit - -> Despúes: Puntos de elNarrador actualizados a: 2
2025-12-13 20:14:53.250 [main] WARN  repositorio.RepositorioJugadores - Se han eliminado 56 jugadores de la tabla.
2025-12-13 20:14:53.251 [main] INFO  controlador.GestionaDixit - Base de datos de jugadores limpia.
2025-12-13 20:14:53.251 [main] INFO  controlador.GestionaDixit - 
=== FIN DEL TORNEO DE PRUEBA ===
2025-12-13 20:15:35.532 [main] INFO  controlador.GestionaDixit - --- 1. INICIANDO PROGRAMA ---
2025-12-13 20:15:35.945 [main] INFO  controlador.GestionaDixit - --- 2. CONEXIÓN EXITOSA ---
2025-12-13 20:15:35.946 [main] INFO  controlador.GestionaDixit - --- INICIO DEL TORNEO DIXIT DE PRUEBA ---
2025-12-13 20:15:35.946 [main] INFO  controlador.GestionaDixit - 
=== CREACIÓN DE JUGADORES INICIALES ===
2025-12-13 20:15:36.007 [main] INFO  repositorio.RepositorioJugadores - Jugador guardado correctamente: Ana Pérez
2025-12-13 20:15:36.020 [main] INFO  repositorio.RepositorioJugadores - Jugador guardado correctamente: Borja Cruz
2025-12-13 20:15:36.035 [main] INFO  repositorio.RepositorioJugadores - Jugador guardado correctamente: Carlos Díez
2025-12-13 20:15:36.035 [main] INFO  controlador.GestionaDixit - === FIN DE LA PRUEBA AÑADIR JUGADORES ===
2025-12-13 20:15:36.035 [main] INFO  controlador.GestionaDixit - 
=== SIMULACIÓN DE RONDA: BÚSQUEDA Y ACTUALIZACIÓN ===
2025-12-13 20:15:36.060 [main] WARN  controlador.GestionaDixit - El jugador con ID 1 no fue encontrado.
2025-12-13 20:15:36.061 [main] WARN  controlador.GestionaDixit - El jugador con ID 2 no fue encontrado.
2025-12-13 20:15:36.061 [main] INFO  controlador.GestionaDixit - 
=== FIN DEL TORNEO DE PRUEBA ===
2025-12-13 20:20:01.807 [main] INFO  controlador.GestionaDixit - --- 1. INICIANDO PROGRAMA ---
2025-12-13 20:20:02.212 [main] INFO  controlador.GestionaDixit - --- 2. CONEXIÓN EXITOSA ---
2025-12-13 20:20:02.213 [main] INFO  controlador.GestionaDixit - --- INICIO DEL TORNEO DIXIT DE PRUEBA ---
2025-12-13 20:20:02.213 [main] INFO  controlador.GestionaDixit - 
=== CREACIÓN DE JUGADORES INICIALES ===
2025-12-13 20:20:02.253 [main] INFO  repositorio.RepositorioJugadores - Jugador guardado correctamente: Ana Pérez
2025-12-13 20:20:02.262 [main] INFO  repositorio.RepositorioJugadores - Jugador guardado correctamente: Borja Cruz
2025-12-13 20:20:02.270 [main] INFO  repositorio.RepositorioJugadores - Jugador guardado correctamente: Carlos Díez
2025-12-13 20:20:02.270 [main] INFO  controlador.GestionaDixit - === FIN DE LA PRUEBA AÑADIR JUGADORES ===
2025-12-13 20:20:02.271 [main] INFO  controlador.GestionaDixit - 
=== SIMULACIÓN DE RONDA: BÚSQUEDA Y ACTUALIZACIÓN ===
2025-12-13 20:20:02.301 [main] WARN  controlador.GestionaDixit - El jugador con ID 1 no fue encontrado.
2025-12-13 20:20:02.301 [main] WARN  controlador.GestionaDixit - El jugador con ID 2 no fue encontrado.
2025-12-13 20:20:02.302 [main] INFO  controlador.GestionaDixit - 
=== FIN DEL TORNEO DE PRUEBA ===
2025-12-13 20:28:49.874 [main] INFO  controlador.GestionaDixit - --- 1. INICIANDO PROGRAMA ---
2025-12-13 20:28:50.239 [main] INFO  controlador.GestionaDixit - --- 2. CONEXIÓN EXITOSA ---
2025-12-13 20:28:50.239 [main] INFO  controlador.GestionaDixit - --- INICIO DEL TORNEO DIXIT DE PRUEBA ---
2025-12-13 20:28:50.272 [main] WARN  repositorio.RepositorioJugadores - Se han eliminado 6 jugadores de la tabla.
2025-12-13 20:28:50.272 [main] INFO  controlador.GestionaDixit - Base de datos de jugadores limpia.
2025-12-13 20:28:50.272 [main] INFO  controlador.GestionaDixit - 
=== CREACIÓN DE JUGADORES INICIALES ===
2025-12-13 20:28:50.285 [main] INFO  repositorio.RepositorioJugadores - Jugador guardado correctamente: Ana Pérez
2025-12-13 20:28:50.293 [main] INFO  repositorio.RepositorioJugadores - Jugador guardado correctamente: Borja Cruz
2025-12-13 20:28:50.301 [main] INFO  repositorio.RepositorioJugadores - Jugador guardado correctamente: Carlos Díez
2025-12-13 20:28:50.301 [main] INFO  controlador.GestionaDixit - 
=== SIMULACIÓN DE RONDA: BÚSQUEDA Y ACTUALIZACIÓN ===
2025-12-13 20:28:50.320 [main] WARN  controlador.GestionaDixit - El jugador con ID 1 no fue encontrado.
2025-12-13 20:28:50.320 [main] WARN  controlador.GestionaDixit - El jugador con ID 2 no fue encontrado.
2025-12-13 20:28:50.321 [main] INFO  controlador.GestionaDixit - 
=== FIN DEL TORNEO DE PRUEBA ===
2025-12-13 20:35:45.265 [main] INFO  controlador.GestionaDixit - --- 1. INICIANDO PROGRAMA ---
2025-12-13 20:35:45.610 [main] INFO  controlador.GestionaDixit - --- 2. CONEXIÓN EXITOSA ---
2025-12-13 20:35:45.610 [main] INFO  controlador.GestionaDixit - --- INICIO DEL TORNEO DIXIT DE PRUEBA ---
2025-12-13 20:35:45.644 [main] WARN  repositorio.RepositorioJugadores - Se han eliminado 3 jugadores de la tabla.
2025-12-13 20:35:45.644 [main] INFO  controlador.GestionaDixit - Base de datos de jugadores limpia.
2025-12-13 20:35:45.644 [main] INFO  controlador.GestionaDixit - 
=== CREACIÓN DE JUGADORES INICIALES ===
2025-12-13 20:35:45.654 [main] INFO  repositorio.RepositorioJugadores - Jugador guardado correctamente: Ana Pérez
2025-12-13 20:35:45.662 [main] INFO  repositorio.RepositorioJugadores - Jugador guardado correctamente: Borja Cruz
2025-12-13 20:35:45.668 [main] INFO  repositorio.RepositorioJugadores - Jugador guardado correctamente: Carlos Díez
2025-12-13 20:35:45.669 [main] INFO  controlador.GestionaDixit - 
=== SIMULACIÓN DE RONDA: BÚSQUEDA Y ACTUALIZACIÓN ===
2025-12-13 20:35:45.689 [main] WARN  controlador.GestionaDixit - El jugador con ID 1 no fue encontrado.
2025-12-13 20:35:45.689 [main] WARN  controlador.GestionaDixit - El jugador con ID 2 no fue encontrado.
2025-12-13 20:35:45.689 [main] INFO  controlador.GestionaDixit - 
=== FIN DEL TORNEO DE PRUEBA ===
2025-12-13 20:49:30.078 [main] INFO  controlador.GestionaDixit - --- 1. INICIANDO PROGRAMA ---
2025-12-13 20:49:30.675 [main] INFO  controlador.GestionaDixit - --- 2. CONEXIÓN EXITOSA ---
2025-12-13 20:49:30.676 [main] INFO  controlador.GestionaDixit - --- INICIO DEL TORNEO DIXIT DE PRUEBA ---
2025-12-13 20:49:30.720 [main] WARN  repositorio.RepositorioJugadores - Se han eliminado 3 jugadores de la tabla.
2025-12-13 20:49:30.721 [main] INFO  controlador.GestionaDixit - Base de datos de jugadores limpia.
2025-12-13 20:49:30.721 [main] INFO  controlador.GestionaDixit - 
=== CREACIÓN DE JUGADORES INICIALES ===
2025-12-13 20:49:30.736 [main] INFO  repositorio.RepositorioJugadores - Jugador guardado correctamente: Ana Pérez
2025-12-13 20:49:30.748 [main] INFO  repositorio.RepositorioJugadores - Jugador guardado correctamente: Borja Cruz
2025-12-13 20:49:30.762 [main] INFO  repositorio.RepositorioJugadores - Jugador guardado correctamente: Carlos Díez
2025-12-13 20:49:30.762 [main] INFO  controlador.GestionaDixit - 
=== SIMULACIÓN DE RONDA: BÚSQUEDA Y ACTUALIZACIÓN ===
2025-12-13 20:49:30.792 [main] WARN  controlador.GestionaDixit - El jugador con ID 1 no fue encontrado.
2025-12-13 20:49:30.792 [main] WARN  controlador.GestionaDixit - El jugador con ID 2 no fue encontrado.
2025-12-13 20:49:30.793 [main] INFO  controlador.GestionaDixit - 
=== FIN DEL TORNEO DE PRUEBA ===
2025-12-13 20:57:33.463 [main] INFO  controlador.GestionaDixit - --- 1. INICIANDO PROGRAMA ---
2025-12-13 20:57:33.886 [main] INFO  controlador.GestionaDixit - --- 2. CONEXIÓN EXITOSA ---
2025-12-13 20:57:33.886 [main] INFO  controlador.GestionaDixit - --- INICIO DEL TORNEO DIXIT DE PRUEBA ---
2025-12-13 20:57:33.923 [main] WARN  repositorio.RepositorioJugadores - Se han eliminado 3 jugadores de la tabla.
2025-12-13 20:57:33.924 [main] INFO  controlador.GestionaDixit - Base de datos de jugadores limpia.
2025-12-13 20:57:33.924 [main] INFO  controlador.GestionaDixit - 
=== CREACIÓN DE JUGADORES INICIALES ===
2025-12-13 20:57:33.935 [main] INFO  repositorio.RepositorioJugadores - Jugador guardado correctamente: Ana Pérez
2025-12-13 20:57:33.943 [main] INFO  repositorio.RepositorioJugadores - Jugador guardado correctamente: Borja Cruz
2025-12-13 20:57:33.950 [main] INFO  repositorio.RepositorioJugadores - Jugador guardado correctamente: Carlos Díez
2025-12-13 20:57:33.951 [main] INFO  controlador.GestionaDixit - 
=== SIMULACIÓN DE RONDA: BÚSQUEDA Y ACTUALIZACIÓN ===
2025-12-13 20:57:33.972 [main] WARN  controlador.GestionaDixit - El jugador con ID 1 no fue encontrado.
2025-12-13 20:57:33.972 [main] WARN  controlador.GestionaDixit - El jugador con ID 2 no fue encontrado.
2025-12-13 20:57:33.972 [main] INFO  controlador.GestionaDixit - 
=== FIN DEL TORNEO DE PRUEBA ===
2025-12-13 21:02:02.008 [main] INFO  controlador.GestionaDixit - --- 1. INICIANDO PROGRAMA ---
2025-12-13 21:02:02.384 [main] INFO  controlador.GestionaDixit - --- 2. CONEXIÓN EXITOSA ---
2025-12-13 21:02:02.384 [main] INFO  controlador.GestionaDixit - --- INICIO DEL TORNEO DIXIT DE PRUEBA ---
2025-12-13 21:02:02.418 [main] WARN  repositorio.RepositorioJugadores - Se han eliminado 3 jugadores de la tabla.
2025-12-13 21:02:02.432 [main] INFO  controlador.GestionaDixit - Base de datos de jugadores limpia.
2025-12-13 21:02:02.433 [main] INFO  controlador.GestionaDixit - 
=== CREACIÓN DE JUGADORES INICIALES ===
2025-12-13 21:03:16.974 [main] INFO  controlador.GestionaDixit - --- 1. INICIANDO PROGRAMA ---
2025-12-13 21:03:17.344 [main] INFO  controlador.GestionaDixit - --- 2. CONEXIÓN EXITOSA ---
2025-12-13 21:03:17.345 [main] INFO  controlador.GestionaDixit - --- INICIO DEL TORNEO DIXIT DE PRUEBA ---
2025-12-13 21:03:17.371 [main] WARN  repositorio.RepositorioJugadores - Se han eliminado 0 jugadores de la tabla.
2025-12-13 21:03:17.382 [main] INFO  controlador.GestionaDixit - Base de datos de jugadores limpia.
2025-12-13 21:03:17.382 [main] INFO  controlador.GestionaDixit - 
=== CREACIÓN DE JUGADORES INICIALES ===
2025-12-13 21:03:17.410 [main] INFO  repositorio.RepositorioJugadores - Jugador guardado correctamente: Ana Pérez
2025-12-13 21:03:17.428 [main] INFO  repositorio.RepositorioJugadores - Jugador guardado correctamente: Borja Cruz
2025-12-13 21:03:17.446 [main] INFO  repositorio.RepositorioJugadores - Jugador guardado correctamente: Carlos Díez
2025-12-13 21:03:17.447 [main] INFO  controlador.GestionaDixit - 
=== SIMULACIÓN DE RONDA: BÚSQUEDA Y ACTUALIZACIÓN ===
2025-12-13 21:03:17.483 [main] WARN  controlador.GestionaDixit - El jugador con ID 1 no fue encontrado.
2025-12-13 21:03:17.483 [main] WARN  controlador.GestionaDixit - El jugador con ID 2 no fue encontrado.
2025-12-13 21:03:17.483 [main] INFO  controlador.GestionaDixit - 
=== FIN DEL TORNEO DE PRUEBA ===
2025-12-13 21:09:50.817 [main] INFO  controlador.GestionaDixit - --- 1. INICIANDO PROGRAMA ---
2025-12-13 21:09:51.304 [main] INFO  controlador.GestionaDixit - --- 2. CONEXIÓN EXITOSA ---
2025-12-13 21:09:51.305 [main] INFO  controlador.GestionaDixit - --- INICIO DEL TORNEO DIXIT DE PRUEBA ---
2025-12-13 21:09:51.353 [main] WARN  repositorio.RepositorioJugadores - Se han eliminado 3 jugadores de la tabla.
2025-12-13 21:09:51.367 [main] INFO  controlador.GestionaDixit - Base de datos de jugadores limpia.
2025-12-13 21:09:51.368 [main] INFO  controlador.GestionaDixit - 
=== CREACIÓN DE JUGADORES INICIALES ===
2025-12-13 21:09:51.414 [main] INFO  repositorio.RepositorioJugadores - Jugador guardado correctamente: Ana Pérez con ID asignado: 78
2025-12-13 21:09:51.431 [main] INFO  repositorio.RepositorioJugadores - Jugador guardado correctamente: Borja Cruz con ID asignado: 79
2025-12-13 21:09:51.448 [main] INFO  repositorio.RepositorioJugadores - Jugador guardado correctamente: Carlos Díez con ID asignado: 80
2025-12-13 21:09:51.449 [main] INFO  controlador.GestionaDixit - 
=== SIMULACIÓN DE RONDA: BÚSQUEDA Y ACTUALIZACIÓN ===
2025-12-13 21:09:51.472 [main] INFO  controlador.GestionaDixit - -> Antes: elNarrador tiene 0 puntos.
2025-12-13 21:09:51.494 [main] INFO  repositorio.RepositorioJugadores - Puntos actualizados para el jugador ID 78
2025-12-13 21:09:51.496 [main] INFO  controlador.GestionaDixit - -> Despúes: Puntos de elNarrador actualizados a: 3
2025-12-13 21:09:51.496 [main] INFO  controlador.GestionaDixit - -> Antes: Borja tiene 0 puntos.
2025-12-13 21:09:51.512 [main] INFO  repositorio.RepositorioJugadores - Puntos actualizados para el jugador ID 79
2025-12-13 21:09:51.513 [main] INFO  controlador.GestionaDixit - -> Despúes: Puntos de Borja actualizados a: 2
2025-12-13 21:09:51.514 [main] INFO  controlador.GestionaDixit - 
=== FIN DEL TORNEO DE PRUEBA ===
2025-12-13 21:12:26.067 [main] INFO  controlador.GestionaDixit - --- 1. INICIANDO PROGRAMA ---
2025-12-13 21:12:26.460 [main] INFO  controlador.GestionaDixit - --- 2. CONEXIÓN EXITOSA ---
2025-12-13 21:12:26.460 [main] INFO  controlador.GestionaDixit - --- INICIO DEL TORNEO DIXIT DE PRUEBA ---
2025-12-13 21:12:26.552 [main] ERROR repositorio.RepositorioJugadores - Error al intentar borrar/truncar todos los jugadores
java.sql.SQLSyntaxErrorException: Cannot truncate a table referenced in a foreign key constraint (`jdbcmysqlacceso`.`sandovalcristinapartida`, CONSTRAINT `sandovalcristinapartida_ibfk_1`)
	at com.mysql.cj.jdbc.exceptions.SQLError.createSQLException(SQLError.java:120) ~[mysql-connector-java-8.0.30.jar:8.0.30]
	at com.mysql.cj.jdbc.exceptions.SQLExceptionsMapping.translateException(SQLExceptionsMapping.java:122) ~[mysql-connector-java-8.0.30.jar:8.0.30]
	at com.mysql.cj.jdbc.ClientPreparedStatement.executeInternal(ClientPreparedStatement.java:916) ~[mysql-connector-java-8.0.30.jar:8.0.30]
	at com.mysql.cj.jdbc.ClientPreparedStatement.executeUpdateInternal(ClientPreparedStatement.java:1061) ~[mysql-connector-java-8.0.30.jar:8.0.30]
	at com.mysql.cj.jdbc.ClientPreparedStatement.executeUpdateInternal(ClientPreparedStatement.java:1009) ~[mysql-connector-java-8.0.30.jar:8.0.30]
	at com.mysql.cj.jdbc.ClientPreparedStatement.executeLargeUpdate(ClientPreparedStatement.java:1320) ~[mysql-connector-java-8.0.30.jar:8.0.30]
	at com.mysql.cj.jdbc.ClientPreparedStatement.executeUpdate(ClientPreparedStatement.java:994) ~[mysql-connector-java-8.0.30.jar:8.0.30]
	at repositorio.RepositorioJugadores.borrarTodos(RepositorioJugadores.java:164) [classes/:?]
	at servicio.DixitServicio.borrarTodosLosJugadores(DixitServicio.java:56) [classes/:?]
	at controlador.GestionaDixit.main(GestionaDixit.java:29) [classes/:?]
2025-12-13 21:15:32.414 [main] INFO  controlador.GestionaDixit - --- 1. INICIANDO PROGRAMA ---
2025-12-13 21:15:32.798 [main] INFO  controlador.GestionaDixit - --- 2. CONEXIÓN EXITOSA ---
2025-12-13 21:15:32.798 [main] INFO  controlador.GestionaDixit - --- INICIO DEL TORNEO DIXIT DE PRUEBA ---
2025-12-13 21:15:32.972 [main] WARN  repositorio.RepositorioPartida - Tabla SandovalCristinaPartida TRUNCADA y AUTO_INCREMENT reseteado.
2025-12-13 21:15:33.015 [main] ERROR repositorio.RepositorioJugadores - Error al intentar borrar/truncar todos los jugadores
java.sql.SQLSyntaxErrorException: Cannot truncate a table referenced in a foreign key constraint (`jdbcmysqlacceso`.`sandovalcristinapartida`, CONSTRAINT `sandovalcristinapartida_ibfk_1`)
	at com.mysql.cj.jdbc.exceptions.SQLError.createSQLException(SQLError.java:120) ~[mysql-connector-java-8.0.30.jar:8.0.30]
	at com.mysql.cj.jdbc.exceptions.SQLExceptionsMapping.translateException(SQLExceptionsMapping.java:122) ~[mysql-connector-java-8.0.30.jar:8.0.30]
	at com.mysql.cj.jdbc.ClientPreparedStatement.executeInternal(ClientPreparedStatement.java:916) ~[mysql-connector-java-8.0.30.jar:8.0.30]
	at com.mysql.cj.jdbc.ClientPreparedStatement.executeUpdateInternal(ClientPreparedStatement.java:1061) ~[mysql-connector-java-8.0.30.jar:8.0.30]
	at com.mysql.cj.jdbc.ClientPreparedStatement.executeUpdateInternal(ClientPreparedStatement.java:1009) ~[mysql-connector-java-8.0.30.jar:8.0.30]
	at com.mysql.cj.jdbc.ClientPreparedStatement.executeLargeUpdate(ClientPreparedStatement.java:1320) ~[mysql-connector-java-8.0.30.jar:8.0.30]
	at com.mysql.cj.jdbc.ClientPreparedStatement.executeUpdate(ClientPreparedStatement.java:994) ~[mysql-connector-java-8.0.30.jar:8.0.30]
	at repositorio.RepositorioJugadores.borrarTodos(RepositorioJugadores.java:164) [classes/:?]
	at servicio.DixitServicio.borrarTodosLosJugadores(DixitServicio.java:56) [classes/:?]
	at controlador.GestionaDixit.main(GestionaDixit.java:29) [classes/:?]
2025-12-13 21:33:12.704 [main] INFO  controlador.GestionaDixit - --- 1. INICIANDO PROGRAMA ---
2025-12-13 21:33:14.826 [main] INFO  controlador.GestionaDixit - --- 2. CONEXIÓN EXITOSA ---
2025-12-13 21:33:14.827 [main] INFO  controlador.GestionaDixit - --- INICIO DEL TORNEO DIXIT DE PRUEBA ---
2025-12-13 21:33:15.044 [main] WARN  repositorio.RepositorioPartida - Tabla SandovalCristinaPartida TRUNCADA y AUTO_INCREMENT reseteado.
2025-12-13 21:33:15.140 [main] ERROR repositorio.RepositorioJugadores - Error al intentar borrar/truncar todos los jugadores
java.sql.SQLSyntaxErrorException: Cannot truncate a table referenced in a foreign key constraint (`jdbcmysqlacceso`.`sandovalcristinapartida`, CONSTRAINT `sandovalcristinapartida_ibfk_1`)
	at com.mysql.cj.jdbc.exceptions.SQLError.createSQLException(SQLError.java:120) ~[mysql-connector-java-8.0.30.jar:8.0.30]
	at com.mysql.cj.jdbc.exceptions.SQLExceptionsMapping.translateException(SQLExceptionsMapping.java:122) ~[mysql-connector-java-8.0.30.jar:8.0.30]
	at com.mysql.cj.jdbc.ClientPreparedStatement.executeInternal(ClientPreparedStatement.java:916) ~[mysql-connector-java-8.0.30.jar:8.0.30]
	at com.mysql.cj.jdbc.ClientPreparedStatement.executeUpdateInternal(ClientPreparedStatement.java:1061) ~[mysql-connector-java-8.0.30.jar:8.0.30]
	at com.mysql.cj.jdbc.ClientPreparedStatement.executeUpdateInternal(ClientPreparedStatement.java:1009) ~[mysql-connector-java-8.0.30.jar:8.0.30]
	at com.mysql.cj.jdbc.ClientPreparedStatement.executeLargeUpdate(ClientPreparedStatement.java:1320) ~[mysql-connector-java-8.0.30.jar:8.0.30]
	at com.mysql.cj.jdbc.ClientPreparedStatement.executeUpdate(ClientPreparedStatement.java:994) ~[mysql-connector-java-8.0.30.jar:8.0.30]
	at repositorio.RepositorioJugadores.borrarTodos(RepositorioJugadores.java:164) [classes/:?]
	at servicio.DixitServicio.borrarTodosLosJugadores(DixitServicio.java:56) [classes/:?]
	at controlador.GestionaDixit.main(GestionaDixit.java:29) [classes/:?]
2025-12-13 21:36:01.107 [main] INFO  controlador.GestionaDixit - --- 1. INICIANDO PROGRAMA ---
2025-12-13 21:36:02.837 [main] INFO  controlador.GestionaDixit - --- 2. CONEXIÓN EXITOSA ---
2025-12-13 21:36:02.837 [main] INFO  controlador.GestionaDixit - --- INICIO DEL TORNEO DIXIT DE PRUEBA ---
2025-12-13 21:36:03.003 [main] WARN  repositorio.RepositorioPartida - Tabla SandovalCristinaPartida TRUNCADA y AUTO_INCREMENT reseteado.
2025-12-13 21:36:03.126 [main] WARN  repositorio.RepositorioJugadores - Se han eliminado 3 jugadores de la tabla. AUTO_INCREMENT reseteado.
2025-12-13 21:36:03.128 [main] INFO  controlador.GestionaDixit - Base de datos de jugadores limpia.
2025-12-13 21:36:03.128 [main] INFO  controlador.GestionaDixit - 
=== CREACIÓN DE JUGADORES INICIALES ===
2025-12-13 21:36:03.214 [main] INFO  repositorio.RepositorioJugadores - Jugador guardado correctamente: Ana Pérez con ID asignado: 1
2025-12-13 21:36:03.262 [main] INFO  repositorio.RepositorioJugadores - Jugador guardado correctamente: Borja Cruz con ID asignado: 2
2025-12-13 21:36:03.305 [main] INFO  repositorio.RepositorioJugadores - Jugador guardado correctamente: Carlos Díez con ID asignado: 3
2025-12-13 21:36:03.306 [main] INFO  controlador.GestionaDixit - 
=== SIMULACIÓN DE RONDA: BÚSQUEDA Y ACTUALIZACIÓN ===
2025-12-13 21:36:03.390 [main] INFO  controlador.GestionaDixit - -> Antes: elNarrador tiene 0 puntos.
2025-12-13 21:36:03.432 [main] INFO  repositorio.RepositorioJugadores - Puntos actualizados para el jugador ID 1
2025-12-13 21:36:03.434 [main] INFO  controlador.GestionaDixit - -> Despúes: Puntos de elNarrador actualizados a: 3
2025-12-13 21:36:03.434 [main] INFO  controlador.GestionaDixit - -> Antes: Borja tiene 0 puntos.
2025-12-13 21:36:03.479 [main] INFO  repositorio.RepositorioJugadores - Puntos actualizados para el jugador ID 2
2025-12-13 21:36:03.480 [main] INFO  controlador.GestionaDixit - -> Despúes: Puntos de Borja actualizados a: 2
2025-12-13 21:36:03.481 [main] INFO  controlador.GestionaDixit - 
=== FIN DEL TORNEO DE PRUEBA ===
2025-12-13 22:19:10.513 [main] INFO  controlador.GestionaDixit - --- 1. INICIANDO PROGRAMA ---
2025-12-13 22:19:12.039 [main] INFO  controlador.GestionaDixit - --- 2. CONEXIÓN EXITOSA ---
2025-12-13 22:19:12.040 [main] INFO  controlador.GestionaDixit - --- INICIO DEL TORNEO DIXIT  ---
2025-12-13 22:19:12.040 [main] INFO  controlador.GestionaDixit - 
=== FASE DE LIMPIEZA INICIAL ===
2025-12-13 22:19:12.194 [main] WARN  repositorio.RepositorioPartida - Tabla SandovalCristinaPartida TRUNCADA y AUTO_INCREMENT reseteado.
2025-12-13 22:19:12.283 [main] WARN  repositorio.RepositorioJugadores - Se han eliminado 3 jugadores de la tabla. AUTO_INCREMENT reseteado.
2025-12-13 22:19:12.285 [main] INFO  controlador.GestionaDixit - Base de datos de partidas y jugadores limpia y AUTO_INCREMENT reseteado.
2025-12-13 22:19:12.285 [main] INFO  controlador.GestionaDixit - 
=== CREACIÓN DE 4 JUGADORES INICIALES ===
2025-12-13 22:19:12.351 [main] INFO  repositorio.RepositorioJugadores - Jugador guardado correctamente: Ana Pérez con ID asignado: 1
2025-12-13 22:19:12.394 [main] INFO  repositorio.RepositorioJugadores - Jugador guardado correctamente: Borja Cruz con ID asignado: 2
2025-12-13 22:19:12.448 [main] INFO  repositorio.RepositorioJugadores - Jugador guardado correctamente: Carlos Díez con ID asignado: 3
2025-12-13 22:19:12.503 [main] INFO  repositorio.RepositorioJugadores - Jugador guardado correctamente: Diana Soto con ID asignado: 4
2025-12-13 22:19:12.504 [main] INFO  controlador.GestionaDixit - 4 jugadores guardados exitosamente. IDs asignados: 1, 2, 3, 4.
2025-12-13 22:19:12.504 [main] INFO  controlador.GestionaDixit - 
=== INICIO DE LA SIMULACIÓN DE 5 PARTIDAS ===
2025-12-13 22:19:12.505 [main] INFO  controlador.GestionaDixit - 
-- [Partida 1: Narrador Ana (TODOS)] --
2025-12-13 22:19:12.645 [main] INFO  repositorio.RepositorioPartida - Partida guardada correctamente con fecha: 2025-12-01
2025-12-13 22:19:12.724 [main] INFO  repositorio.RepositorioJugadores - Puntos actualizados para el jugador ID 2
2025-12-13 22:19:12.725 [main] INFO  servicio.DixitServicio - Puntuación actualizada: Jugador ID 2 suma 2 puntos. Total: 2
2025-12-13 22:19:12.788 [main] INFO  repositorio.RepositorioJugadores - Puntos actualizados para el jugador ID 3
2025-12-13 22:19:12.789 [main] INFO  servicio.DixitServicio - Puntuación actualizada: Jugador ID 3 suma 2 puntos. Total: 2
2025-12-13 22:19:12.855 [main] INFO  repositorio.RepositorioJugadores - Puntos actualizados para el jugador ID 4
2025-12-13 22:19:12.857 [main] INFO  servicio.DixitServicio - Puntuación actualizada: Jugador ID 4 suma 2 puntos. Total: 2
2025-12-13 22:19:12.857 [main] INFO  controlador.GestionaDixit - 
-- [Partida 2: Narrador Borja (ALGUNOS)] --
2025-12-13 22:19:12.929 [main] INFO  repositorio.RepositorioPartida - Partida guardada correctamente con fecha: 2025-12-02
2025-12-13 22:19:12.991 [main] INFO  repositorio.RepositorioJugadores - Puntos actualizados para el jugador ID 2
2025-12-13 22:19:12.992 [main] INFO  servicio.DixitServicio - Puntuación actualizada: Jugador ID 2 suma 3 puntos. Total: 5
2025-12-13 22:19:13.057 [main] INFO  repositorio.RepositorioJugadores - Puntos actualizados para el jugador ID 1
2025-12-13 22:19:13.057 [main] INFO  servicio.DixitServicio - Puntuación actualizada: Jugador ID 1 suma 3 puntos. Total: 3
2025-12-13 22:19:13.128 [main] INFO  repositorio.RepositorioJugadores - Puntos actualizados para el jugador ID 3
2025-12-13 22:19:13.130 [main] INFO  servicio.DixitServicio - Puntuación actualizada: Jugador ID 3 suma 3 puntos. Total: 5
2025-12-13 22:19:13.130 [main] INFO  controlador.GestionaDixit - 
-- [Partida 3: Narrador Carlos (NADIE)] --
2025-12-13 22:19:13.211 [main] INFO  repositorio.RepositorioPartida - Partida guardada correctamente con fecha: 2025-12-03
2025-12-13 22:19:13.274 [main] INFO  repositorio.RepositorioJugadores - Puntos actualizados para el jugador ID 1
2025-12-13 22:19:13.274 [main] INFO  servicio.DixitServicio - Puntuación actualizada: Jugador ID 1 suma 2 puntos. Total: 5
2025-12-13 22:19:13.331 [main] INFO  repositorio.RepositorioJugadores - Puntos actualizados para el jugador ID 2
2025-12-13 22:19:13.332 [main] INFO  servicio.DixitServicio - Puntuación actualizada: Jugador ID 2 suma 2 puntos. Total: 7
2025-12-13 22:19:13.389 [main] INFO  repositorio.RepositorioJugadores - Puntos actualizados para el jugador ID 4
2025-12-13 22:19:13.390 [main] INFO  servicio.DixitServicio - Puntuación actualizada: Jugador ID 4 suma 2 puntos. Total: 4
2025-12-13 22:19:13.390 [main] INFO  controlador.GestionaDixit - 
-- [Partida 4: Narrador Diana (POCOS)] --
2025-12-13 22:19:13.449 [main] INFO  repositorio.RepositorioPartida - Partida guardada correctamente con fecha: 2025-12-04
2025-12-13 22:19:13.516 [main] INFO  repositorio.RepositorioJugadores - Puntos actualizados para el jugador ID 4
2025-12-13 22:19:13.518 [main] INFO  servicio.DixitServicio - Puntuación actualizada: Jugador ID 4 suma 3 puntos. Total: 7
2025-12-13 22:19:13.598 [main] INFO  repositorio.RepositorioJugadores - Puntos actualizados para el jugador ID 2
2025-12-13 22:19:13.599 [main] INFO  servicio.DixitServicio - Puntuación actualizada: Jugador ID 2 suma 3 puntos. Total: 10
2025-12-13 22:19:13.599 [main] INFO  controlador.GestionaDixit - 
-- [Partida 5: Narrador Ana (ALGUNOS)] --
2025-12-13 22:19:13.666 [main] INFO  repositorio.RepositorioPartida - Partida guardada correctamente con fecha: 2025-12-05
2025-12-13 22:19:13.723 [main] INFO  repositorio.RepositorioJugadores - Puntos actualizados para el jugador ID 1
2025-12-13 22:19:13.724 [main] INFO  servicio.DixitServicio - Puntuación actualizada: Jugador ID 1 suma 3 puntos. Total: 8
2025-12-13 22:19:13.781 [main] INFO  repositorio.RepositorioJugadores - Puntos actualizados para el jugador ID 2
2025-12-13 22:19:13.782 [main] INFO  servicio.DixitServicio - Puntuación actualizada: Jugador ID 2 suma 3 puntos. Total: 13
2025-12-13 22:19:13.837 [main] INFO  repositorio.RepositorioJugadores - Puntos actualizados para el jugador ID 4
2025-12-13 22:19:13.838 [main] INFO  servicio.DixitServicio - Puntuación actualizada: Jugador ID 4 suma 3 puntos. Total: 10
2025-12-13 22:19:13.839 [main] INFO  controlador.GestionaDixit - 
=== 5 PARTIDAS SIMULADAS Y GUARDADAS CON ÉXITO ===
2025-12-13 22:19:13.839 [main] INFO  controlador.GestionaDixit - 
=== INTENTO DE CREAR LA SEXTA PARTIDA (CONTROL DE EXCEPCIÓN) ===
2025-12-13 22:19:13.866 [main] INFO  controlador.GestionaDixit - Control exitoso: Excepción capturada al intentar crear la 6ª partida: ERROR: Se ha alcanzado el límite de 5 partidas por defecto.
2025-12-13 22:19:13.866 [main] INFO  controlador.GestionaDixit - 
=== INTENTO DE CREAR PARTIDA CON 'elNarrador' EN FIN DE SEMANA ===
2025-12-13 22:19:13.903 [main] INFO  controlador.GestionaDixit - Control exitoso: Excepción capturada para 'elNarrador' en fin de semana: ERROR: Se ha alcanzado el límite de 5 partidas por defecto.
2025-12-13 22:19:13.903 [main] INFO  controlador.GestionaDixit - 
===============================
2025-12-13 22:19:13.903 [main] INFO  controlador.GestionaDixit - === RESULTADOS Y REPORTES FINALES ===
2025-12-13 22:19:13.903 [main] INFO  controlador.GestionaDixit - ===============================
2025-12-13 22:19:13.932 [main] INFO  controlador.GestionaDixit - -> JUGADOR GANADOR (Mayor Puntuación): Borja con 13 puntos.
2025-12-13 22:19:13.958 [main] INFO  controlador.GestionaDixit - 
-> RANKING DE JUGADORES (DESC):
2025-12-13 22:19:13.958 [main] INFO  controlador.GestionaDixit -    - Nick: Borja, Puntos: 13
2025-12-13 22:19:13.959 [main] INFO  controlador.GestionaDixit -    - Nick: Didi, Puntos: 10
2025-12-13 22:19:13.959 [main] INFO  controlador.GestionaDixit -    - Nick: elNarrador, Puntos: 8
2025-12-13 22:19:13.959 [main] INFO  controlador.GestionaDixit -    - Nick: Carlitos, Puntos: 5
2025-12-13 22:19:13.987 [main] INFO  controlador.GestionaDixit - 
-> LISTADO DE PARTIDAS (Ordenadas por Fecha ASC):
2025-12-13 22:19:14.013 [main] INFO  controlador.GestionaDixit -    - ID: 1, Fecha: 2025-12-01, Narrador: elNarrador, Resultado: TODOS
2025-12-13 22:19:14.044 [main] INFO  controlador.GestionaDixit -    - ID: 2, Fecha: 2025-12-02, Narrador: Borja, Resultado: ALGUNOS
2025-12-13 22:19:14.071 [main] INFO  controlador.GestionaDixit -    - ID: 3, Fecha: 2025-12-03, Narrador: Carlitos, Resultado: NADIE
2025-12-13 22:19:14.095 [main] INFO  controlador.GestionaDixit -    - ID: 4, Fecha: 2025-12-04, Narrador: Didi, Resultado: POCOS
2025-12-13 22:19:14.125 [main] INFO  controlador.GestionaDixit -    - ID: 5, Fecha: 2025-12-05, Narrador: elNarrador, Resultado: ALGUNOS
2025-12-13 22:19:14.126 [main] INFO  controlador.GestionaDixit - 
--- FIN DEL PROGRAMA ---
